/localscratch/spool/slurmd/job39457318/slurm_script: line 12: /home/ymbahram/projects/def-hadi87/ymbahram/gputorch/bin/activate: No such file or directory
Defaulting to user installation because normal site-packages is not writeable
Looking in links: /cvmfs/soft.computecanada.ca/custom/python/wheelhouse/gentoo2023/x86-64-v3, /cvmfs/soft.computecanada.ca/custom/python/wheelhouse/gentoo2023/generic, /cvmfs/soft.computecanada.ca/custom/python/wheelhouse/generic
Obtaining file:///lustre06/project/6086105/ymbahram/improved-diffusion
  Preparing metadata (setup.py): started
  Preparing metadata (setup.py): finished with status 'done'
Requirement already satisfied: blobfile>=1.0.5 in /home/ymbahram/.local/lib/python3.11/site-packages (from improved-diffusion==0.0.0) (2.1.1+computecanada)
Requirement already satisfied: torch in /home/ymbahram/.local/lib/python3.11/site-packages (from improved-diffusion==0.0.0) (2.5.1+computecanada)
Requirement already satisfied: tqdm in /home/ymbahram/.local/lib/python3.11/site-packages (from improved-diffusion==0.0.0) (4.67.0+computecanada)
Requirement already satisfied: pycryptodomex~=3.8 in /home/ymbahram/.local/lib/python3.11/site-packages (from blobfile>=1.0.5->improved-diffusion==0.0.0) (3.19.0+computecanada)
Requirement already satisfied: urllib3<3,>=1.25.3 in /home/ymbahram/.local/lib/python3.11/site-packages (from blobfile>=1.0.5->improved-diffusion==0.0.0) (2.2.3+computecanada)
Requirement already satisfied: lxml~=4.9 in /home/ymbahram/.local/lib/python3.11/site-packages (from blobfile>=1.0.5->improved-diffusion==0.0.0) (4.9.2+computecanada)
Requirement already satisfied: filelock~=3.0 in /cvmfs/soft.computecanada.ca/easybuild/software/2023/x86-64-v3/Compiler/gcccore/python/3.11.5/lib/python3.11/site-packages (from blobfile>=1.0.5->improved-diffusion==0.0.0) (3.12.2)
Requirement already satisfied: typing-extensions>=4.8.0 in /home/ymbahram/.local/lib/python3.11/site-packages (from torch->improved-diffusion==0.0.0) (4.12.2+computecanada)
Requirement already satisfied: networkx in /home/ymbahram/.local/lib/python3.11/site-packages (from torch->improved-diffusion==0.0.0) (3.4.2+computecanada)
Requirement already satisfied: jinja2 in /home/ymbahram/.local/lib/python3.11/site-packages (from torch->improved-diffusion==0.0.0) (3.1.4+computecanada)
Requirement already satisfied: fsspec in /home/ymbahram/.local/lib/python3.11/site-packages (from torch->improved-diffusion==0.0.0) (2024.10.0+computecanada)
Requirement already satisfied: sympy==1.13.1 in /home/ymbahram/.local/lib/python3.11/site-packages (from torch->improved-diffusion==0.0.0) (1.13.1+computecanada)
Requirement already satisfied: mpmath<1.4,>=1.1.0 in /home/ymbahram/.local/lib/python3.11/site-packages (from sympy==1.13.1->torch->improved-diffusion==0.0.0) (1.3.0+computecanada)
Requirement already satisfied: MarkupSafe>=2.0 in /home/ymbahram/.local/lib/python3.11/site-packages (from jinja2->torch->improved-diffusion==0.0.0) (2.1.5+computecanada)
Installing collected packages: improved-diffusion
  Running setup.py develop for improved-diffusion
Successfully installed improved-diffusion-0.0.0
python: can't open file '/home/ymbahram/projects/def-hadi87/ymbahram/improved_diffusion/classifier-guidance/scripts/avg_finetuning_CLG_gammas_gs.py': [Errno 2] No such file or directory
