Looking in links: /cvmfs/soft.computecanada.ca/custom/python/wheelhouse/gentoo2023/x86-64-v4, /cvmfs/soft.computecanada.ca/custom/python/wheelhouse/gentoo2023/x86-64-v3, /cvmfs/soft.computecanada.ca/custom/python/wheelhouse/gentoo2023/generic, /cvmfs/soft.computecanada.ca/custom/python/wheelhouse/generic
Obtaining file:///lustre03/project/6086105/ymbahram/improved_diffusion/ddpm-pa
  Preparing metadata (setup.py): started
  Preparing metadata (setup.py): finished with status 'done'
Requirement already satisfied: blobfile>=1.0.5 in /lustre03/project/6086105/ymbahram/gputorch/lib/python3.10/site-packages (from improved-diffusion==0.0.0) (2.1.1+computecanada)
Requirement already satisfied: torch in /lustre03/project/6086105/ymbahram/gputorch/lib/python3.10/site-packages (from improved-diffusion==0.0.0) (2.5.1+computecanada)
Requirement already satisfied: tqdm in /lustre03/project/6086105/ymbahram/gputorch/lib/python3.10/site-packages (from improved-diffusion==0.0.0) (4.67.1+computecanada)
Requirement already satisfied: PyWavelets in /lustre03/project/6086105/ymbahram/gputorch/lib/python3.10/site-packages (from improved-diffusion==0.0.0) (1.7.0+computecanada)
Requirement already satisfied: pycryptodomex~=3.8 in /lustre03/project/6086105/ymbahram/gputorch/lib/python3.10/site-packages (from blobfile>=1.0.5->improved-diffusion==0.0.0) (3.19.0+computecanada)
Requirement already satisfied: urllib3<3,>=1.25.3 in /lustre03/project/6086105/ymbahram/gputorch/lib/python3.10/site-packages (from blobfile>=1.0.5->improved-diffusion==0.0.0) (2.2.3+computecanada)
Requirement already satisfied: lxml~=4.9 in /lustre03/project/6086105/ymbahram/gputorch/lib/python3.10/site-packages (from blobfile>=1.0.5->improved-diffusion==0.0.0) (4.9.2+computecanada)
Requirement already satisfied: filelock~=3.0 in /lustre03/project/6086105/ymbahram/gputorch/lib/python3.10/site-packages (from blobfile>=1.0.5->improved-diffusion==0.0.0) (3.16.1+computecanada)
Requirement already satisfied: numpy<3,>=1.23 in /lustre03/project/6086105/ymbahram/gputorch/lib/python3.10/site-packages (from PyWavelets->improved-diffusion==0.0.0) (1.26.4+computecanada)
Requirement already satisfied: typing-extensions>=4.8.0 in /lustre03/project/6086105/ymbahram/gputorch/lib/python3.10/site-packages (from torch->improved-diffusion==0.0.0) (4.12.2+computecanada)
Requirement already satisfied: networkx in /lustre03/project/6086105/ymbahram/gputorch/lib/python3.10/site-packages (from torch->improved-diffusion==0.0.0) (3.4.2+computecanada)
Requirement already satisfied: jinja2 in /lustre03/project/6086105/ymbahram/gputorch/lib/python3.10/site-packages (from torch->improved-diffusion==0.0.0) (3.1.4+computecanada)
Requirement already satisfied: fsspec in /lustre03/project/6086105/ymbahram/gputorch/lib/python3.10/site-packages (from torch->improved-diffusion==0.0.0) (2024.10.0+computecanada)
Requirement already satisfied: sympy==1.13.1 in /lustre03/project/6086105/ymbahram/gputorch/lib/python3.10/site-packages (from torch->improved-diffusion==0.0.0) (1.13.1+computecanada)
Requirement already satisfied: mpmath<1.4,>=1.1.0 in /lustre03/project/6086105/ymbahram/gputorch/lib/python3.10/site-packages (from sympy==1.13.1->torch->improved-diffusion==0.0.0) (1.3.0+computecanada)
Requirement already satisfied: MarkupSafe>=2.0 in /lustre03/project/6086105/ymbahram/gputorch/lib/python3.10/site-packages (from jinja2->torch->improved-diffusion==0.0.0) (2.1.5+computecanada)
Installing collected packages: improved-diffusion
  Attempting uninstall: improved-diffusion
    Found existing installation: improved-diffusion 0.0.0
    Uninstalling improved-diffusion-0.0.0:
      Successfully uninstalled improved-diffusion-0.0.0
  Running setup.py develop for improved-diffusion
Successfully installed improved-diffusion-0.0.0
python: can't open file '/home/ymbahram/projects/def-hadi87/ymbahram/improved_diffusion/a3ft-clf-p2/improved-diffusion/scripts/ddpm-pa_lambdas_l3_0.01.py': [Errno 2] No such file or directory
