Looking in links: /cvmfs/soft.computecanada.ca/custom/python/wheelhouse/gentoo2023/x86-64-v4, /cvmfs/soft.computecanada.ca/custom/python/wheelhouse/gentoo2023/x86-64-v3, /cvmfs/soft.computecanada.ca/custom/python/wheelhouse/gentoo2023/generic, /cvmfs/soft.computecanada.ca/custom/python/wheelhouse/generic
Obtaining file:///lustre03/project/6086105/ymbahram/improved_diffusion/a3ft-clf-p2/improved-diffusion
  Preparing metadata (setup.py): started
  Preparing metadata (setup.py): finished with status 'done'
Requirement already satisfied: blobfile>=1.0.5 in /lustre03/project/6086105/ymbahram/gputorch/lib/python3.10/site-packages (from improved-diffusion==0.0.0) (2.1.1)
Requirement already satisfied: torch in /lustre03/project/6086105/ymbahram/gputorch/lib/python3.10/site-packages (from improved-diffusion==0.0.0) (2.3.1+computecanada)
Requirement already satisfied: tqdm in /lustre03/project/6086105/ymbahram/gputorch/lib/python3.10/site-packages (from improved-diffusion==0.0.0) (4.66.4+computecanada)
Requirement already satisfied: pycryptodomex~=3.8 in /lustre03/project/6086105/ymbahram/gputorch/lib/python3.10/site-packages (from blobfile>=1.0.5->improved-diffusion==0.0.0) (3.19.0+computecanada)
Requirement already satisfied: urllib3<3,>=1.25.3 in /lustre03/project/6086105/ymbahram/gputorch/lib/python3.10/site-packages (from blobfile>=1.0.5->improved-diffusion==0.0.0) (2.2.1)
Requirement already satisfied: lxml~=4.9 in /lustre03/project/6086105/ymbahram/gputorch/lib/python3.10/site-packages (from blobfile>=1.0.5->improved-diffusion==0.0.0) (4.9.2+computecanada)
Requirement already satisfied: filelock~=3.0 in /lustre03/project/6086105/ymbahram/gputorch/lib/python3.10/site-packages (from blobfile>=1.0.5->improved-diffusion==0.0.0) (3.13.1+computecanada)
Requirement already satisfied: typing-extensions>=4.8.0 in /lustre03/project/6086105/ymbahram/gputorch/lib/python3.10/site-packages (from torch->improved-diffusion==0.0.0) (4.11.0+computecanada)
Requirement already satisfied: sympy in /lustre03/project/6086105/ymbahram/gputorch/lib/python3.10/site-packages (from torch->improved-diffusion==0.0.0) (1.12+computecanada)
Requirement already satisfied: networkx in /lustre03/project/6086105/ymbahram/gputorch/lib/python3.10/site-packages (from torch->improved-diffusion==0.0.0) (3.3+computecanada)
Requirement already satisfied: jinja2 in /lustre03/project/6086105/ymbahram/gputorch/lib/python3.10/site-packages (from torch->improved-diffusion==0.0.0) (3.1.4+computecanada)
Requirement already satisfied: fsspec in /lustre03/project/6086105/ymbahram/gputorch/lib/python3.10/site-packages (from torch->improved-diffusion==0.0.0) (2024.3.1+computecanada)
Requirement already satisfied: numpy<2.0,>=1.26 in /lustre03/project/6086105/ymbahram/gputorch/lib/python3.10/site-packages (from torch->improved-diffusion==0.0.0) (1.26.4+computecanada)
Requirement already satisfied: MarkupSafe>=2.0 in /lustre03/project/6086105/ymbahram/gputorch/lib/python3.10/site-packages (from jinja2->torch->improved-diffusion==0.0.0) (2.1.3+computecanada)
Requirement already satisfied: mpmath>=0.19 in /lustre03/project/6086105/ymbahram/gputorch/lib/python3.10/site-packages (from sympy->torch->improved-diffusion==0.0.0) (1.3.0+computecanada)
Installing collected packages: improved-diffusion
  Attempting uninstall: improved-diffusion
    Found existing installation: improved-diffusion 0.0.0
    Uninstalling improved-diffusion-0.0.0:
      Successfully uninstalled improved-diffusion-0.0.0
  Running setup.py develop for improved-diffusion
Successfully installed improved-diffusion-0.0.0
********************
Mode :  finetune
********************
********************
guidance is 0 gamma is 0 mode is finetune
********************
0it [00:00, ?it/s]saving model 0...
saving model 0.9999...
sampling 2500 images

0it [00:00, ?it/s][A
1it [00:05,  5.94s/it][A
2it [00:12,  6.15s/it][A
3it [00:18,  6.13s/it][A
4it [00:24,  6.19s/it][A
5it [00:30,  5.98s/it][A
6it [00:35,  5.82s/it][A
7it [00:41,  5.71s/it][A
8it [00:46,  5.65s/it][A
9it [00:52,  5.61s/it][A
10it [00:57,  5.59s/it][A
11it [01:03,  5.57s/it][A
12it [01:08,  5.56s/it][A
13it [01:14,  5.55s/it][A
14it [01:19,  5.55s/it][A
15it [01:25,  5.54s/it][A