Looking in links: /cvmfs/soft.computecanada.ca/custom/python/wheelhouse/gentoo2023/x86-64-v4, /cvmfs/soft.computecanada.ca/custom/python/wheelhouse/gentoo2023/x86-64-v3, /cvmfs/soft.computecanada.ca/custom/python/wheelhouse/gentoo2023/generic, /cvmfs/soft.computecanada.ca/custom/python/wheelhouse/generic
Obtaining file:///lustre03/project/6086105/ymbahram/improved_diffusion/SDFT
  Preparing metadata (setup.py): started
  Preparing metadata (setup.py): finished with status 'done'
Requirement already satisfied: blobfile>=1.0.5 in /lustre03/project/6086105/ymbahram/gputorch/lib/python3.10/site-packages (from improved-diffusion==0.0.0) (2.1.1)
Requirement already satisfied: torch in /lustre03/project/6086105/ymbahram/gputorch/lib/python3.10/site-packages (from improved-diffusion==0.0.0) (2.3.1+computecanada)
Requirement already satisfied: tqdm in /lustre03/project/6086105/ymbahram/gputorch/lib/python3.10/site-packages (from improved-diffusion==0.0.0) (4.66.4+computecanada)
Requirement already satisfied: pycryptodomex~=3.8 in /lustre03/project/6086105/ymbahram/gputorch/lib/python3.10/site-packages (from blobfile>=1.0.5->improved-diffusion==0.0.0) (3.19.0+computecanada)
Requirement already satisfied: urllib3<3,>=1.25.3 in /lustre03/project/6086105/ymbahram/gputorch/lib/python3.10/site-packages (from blobfile>=1.0.5->improved-diffusion==0.0.0) (2.2.1)
Requirement already satisfied: lxml~=4.9 in /lustre03/project/6086105/ymbahram/gputorch/lib/python3.10/site-packages (from blobfile>=1.0.5->improved-diffusion==0.0.0) (4.9.2+computecanada)
Requirement already satisfied: filelock~=3.0 in /lustre03/project/6086105/ymbahram/gputorch/lib/python3.10/site-packages (from blobfile>=1.0.5->improved-diffusion==0.0.0) (3.13.1+computecanada)
Requirement already satisfied: typing-extensions>=4.8.0 in /lustre03/project/6086105/ymbahram/gputorch/lib/python3.10/site-packages (from torch->improved-diffusion==0.0.0) (4.11.0+computecanada)
Requirement already satisfied: sympy in /lustre03/project/6086105/ymbahram/gputorch/lib/python3.10/site-packages (from torch->improved-diffusion==0.0.0) (1.12+computecanada)
Requirement already satisfied: networkx in /lustre03/project/6086105/ymbahram/gputorch/lib/python3.10/site-packages (from torch->improved-diffusion==0.0.0) (3.3+computecanada)
Requirement already satisfied: jinja2 in /lustre03/project/6086105/ymbahram/gputorch/lib/python3.10/site-packages (from torch->improved-diffusion==0.0.0) (3.1.4+computecanada)
Requirement already satisfied: fsspec in /lustre03/project/6086105/ymbahram/gputorch/lib/python3.10/site-packages (from torch->improved-diffusion==0.0.0) (2024.3.1+computecanada)
Requirement already satisfied: numpy<2.0,>=1.26 in /lustre03/project/6086105/ymbahram/gputorch/lib/python3.10/site-packages (from torch->improved-diffusion==0.0.0) (1.26.4+computecanada)
Requirement already satisfied: MarkupSafe>=2.0 in /lustre03/project/6086105/ymbahram/gputorch/lib/python3.10/site-packages (from jinja2->torch->improved-diffusion==0.0.0) (2.1.3+computecanada)
Requirement already satisfied: mpmath>=0.19 in /lustre03/project/6086105/ymbahram/gputorch/lib/python3.10/site-packages (from sympy->torch->improved-diffusion==0.0.0) (1.3.0+computecanada)
Installing collected packages: improved-diffusion
  Attempting uninstall: improved-diffusion
    Found existing installation: improved-diffusion 0.0.0
    Uninstalling improved-diffusion-0.0.0:
      Successfully uninstalled improved-diffusion-0.0.0
  Running setup.py develop for improved-diffusion
Successfully installed improved-diffusion-0.0.0
********************
lambda_distil: 0, gamma_aux: 999, gamma_distil: 9999
********************
********************
fixed guidance is 0
********************

0it [00:00, ?it/s]Created directory: /home/ymbahram/scratch/baselines/SDFT/results_samesample/data10/distil_ablate/lambda_distil_only_0/gamma_distil9999
saving model 0...
saving model 0.9999...
sampling 10 images


0it [00:00, ?it/s][A

1it [00:06,  6.12s/it][A

2it [00:12,  6.16s/it][A
2it [00:12,  6.15s/it]

1it [01:47, 107.34s/it]sampling complete

2it [01:47, 44.53s/it] 
3it [01:48, 24.39s/it]
4it [01:48, 14.92s/it]
5it [01:49,  9.69s/it]
6it [01:49,  6.54s/it]
7it [01:49,  4.54s/it]
8it [01:50,  3.22s/it]
9it [01:50,  2.34s/it]
10it [01:51,  1.75s/it]
11it [01:51,  1.34s/it]
12it [01:52,  1.06s/it]
13it [01:52,  1.16it/s]
14it [01:52,  1.37it/s]
15it [01:53,  1.57it/s]
16it [01:53,  1.75it/s]
17it [01:54,  1.91it/s]
18it [01:54,  2.03it/s]
19it [01:54,  2.13it/s]
20it [01:55,  2.20it/s]
21it [01:55,  2.26it/s]
22it [01:56,  2.31it/s]
23it [01:56,  2.34it/s]
24it [01:57,  2.35it/s]
25it [01:57,  2.37it/s]saving model 0...
saving model 0.9999...
sampling 10 images


0it [00:00, ?it/s][A

1it [01:03, 63.64s/it][A

2it [02:05, 62.63s/it][A
2it [02:05, 62.78s/it]

26it [08:52, 124.72s/it]sampling complete

27it [08:52, 87.47s/it] 
28it [08:53, 61.36s/it]
29it [08:53, 43.07s/it]
30it [08:53, 30.27s/it]
31it [08:54, 21.31s/it]
32it [08:54, 15.05s/it]
33it [08:55, 10.66s/it]
34it [08:55,  7.58s/it]
35it [08:56,  5.43s/it]
36it [08:56,  3.93s/it]
37it [08:56,  2.87s/it]
38it [08:57,  2.13s/it]
39it [08:57,  1.62s/it]
40it [08:58,  1.26s/it]
41it [08:58,  1.01s/it]
42it [08:58,  1.21it/s]
43it [08:59,  1.42it/s]
44it [08:59,  1.63it/s]
45it [09:00,  1.80it/s]
46it [09:00,  1.95it/s]
47it [09:01,  2.07it/s]
48it [09:01,  2.16it/s]
49it [09:01,  2.22it/s]
49it [09:02, 11.07s/it]
saving model 0...
saving model 0.9999...
********************
lambda_distil: 0.1, gamma_aux: 999, gamma_distil: 10
********************
********************
fixed guidance is 0
********************

0it [00:00, ?it/s]Created directory: /home/ymbahram/scratch/baselines/SDFT/results_samesample/data10/distil_ablate/lambda_distil_only_0.1/gamma_distil10
saving model 0...
saving model 0.9999...
sampling 10 images


0it [00:00, ?it/s][A

1it [00:08,  8.08s/it][Aslurmstepd: error: *** JOB 52247032 ON bg11506 CANCELLED AT 2024-11-01T20:21:03 ***
