********************
lambda_distil: 0.001, lambda_aux: 0.001, gamma_aux: 0.1, gamma_distil: 0.1
********************
********************
fixed guidance is 0
********************
loading model from checkpoint: /home/ymbahram/scratch/baselines_avg/SDFT/data10/p2_gamma0_repeat0/lambdas0.001_gammas0.1/checkpoints/model000150.pt...
loading optimizer state from checkpoint: /home/ymbahram/scratch/baselines_avg/SDFT/data10/p2_gamma0_repeat0/lambdas0.001_gammas0.1/checkpoints/opt000150.pt
loading EMA from checkpoint: /home/ymbahram/scratch/baselines_avg/SDFT/data10/p2_gamma0_repeat0/lambdas0.001_gammas0.1/checkpoints/ema_0.9999_000150.pt...

0it [00:00, ?it/s]________________________
Min and Max weights are the same for loss function
________________________
saving model 0...
saving model 0.9999...
sampling 2500 images


0it [00:00, ?it/s][A

1it [00:09,  9.98s/it][A

2it [00:32, 17.17s/it][A

3it [00:36, 11.42s/it][A

4it [00:51, 12.73s/it][A

5it [00:58, 10.60s/it][A

6it [01:00,  7.88s/it][A

7it [01:03,  6.15s/it][A

8it [01:06,  5.02s/it][A

9it [01:08,  4.26s/it][A

10it [01:11,  3.74s/it][A

11it [01:13,  3.39s/it][A

12it [01:16,  3.15s/it][A

13it [01:19,  2.98s/it][A

14it [01:21,  2.86s/it][A

15it [01:24,  2.78s/it][A

16it [01:26,  2.72s/it][A

17it [01:29,  2.69s/it][A

18it [01:32,  2.66s/it][A

19it [01:34,  2.64s/it][A

20it [01:37,  2.63s/it][A

21it [01:39,  2.62s/it][A

22it [01:42,  2.61s/it][A

23it [01:45,  2.61s/it][A

24it [01:47,  2.60s/it][A

25it [01:50,  2.60s/it][A

26it [01:52,  2.60s/it][A

27it [01:55,  2.60s/it][A

28it [01:57,  2.60s/it][A

29it [02:00,  2.60s/it][A

30it [02:03,  2.60s/it][A

31it [02:05,  2.59s/it][A

32it [02:08,  2.59s/it][A

33it [02:10,  2.60s/it][A

34it [02:13,  2.59s/it][A

35it [02:16,  2.59s/it][A

36it [02:18,  2.60s/it][A

37it [02:21,  2.60s/it][A

38it [02:23,  2.60s/it][A

39it [02:26,  2.60s/it][A

40it [02:29,  2.60s/it][A

41it [02:31,  2.60s/it][A

42it [02:34,  2.60s/it][A

43it [02:36,  2.59s/it][A

44it [02:39,  2.59s/it][A

45it [02:42,  2.59s/it][A

46it [02:44,  2.59s/it][A

47it [02:47,  2.59s/it][A

48it [02:49,  2.59s/it][A

49it [02:52,  2.59s/it][A

50it [02:55,  2.59s/it][A

51it [02:57,  2.59s/it][A

52it [03:00,  2.59s/it][A

53it [03:02,  2.59s/it][A

54it [03:05,  2.59s/it][A

55it [03:08,  2.59s/it][A

56it [03:10,  2.59s/it][A

57it [03:13,  2.59s/it][A

58it [03:15,  2.59s/it][A

59it [03:18,  2.59s/it][A

60it [03:21,  2.59s/it][A

61it [03:23,  2.59s/it][A

62it [03:26,  2.59s/it][A

63it [03:28,  2.59s/it][A

64it [03:31,  2.59s/it][A

65it [03:33,  2.59s/it][A

66it [03:36,  2.59s/it][A

67it [03:39,  2.59s/it][A

68it [03:41,  2.60s/it][A

69it [03:44,  2.60s/it][A

70it [03:46,  2.60s/it][A

71it [03:49,  2.60s/it][A

72it [03:52,  2.60s/it][A

73it [03:54,  2.60s/it][A

74it [03:57,  2.60s/it][A

75it [03:59,  2.60s/it][A

76it [04:02,  2.60s/it][A

77it [04:05,  2.60s/it][A

78it [04:07,  2.60s/it][A

79it [04:10,  2.60s/it][A

80it [04:12,  2.60s/it][A

81it [04:15,  2.60s/it][A

82it [04:18,  2.60s/it][A

83it [04:20,  2.60s/it][A

84it [04:23,  2.60s/it][A

85it [04:25,  2.60s/it][A

86it [04:28,  2.60s/it][A

87it [04:31,  2.60s/it][A

88it [04:33,  2.60s/it][A

89it [04:36,  2.60s/it][A

90it [04:38,  2.60s/it][A

91it [04:41,  2.60s/it][A

92it [04:44,  2.60s/it][A

93it [04:46,  2.60s/it][A

94it [04:49,  2.60s/it][A

95it [04:51,  2.60s/it][A

96it [04:54,  2.60s/it][A

97it [04:57,  2.60s/it][A

98it [04:59,  2.60s/it][A

99it [05:02,  2.60s/it][A

100it [05:04,  2.60s/it][A

101it [05:07,  2.60s/it][A

102it [05:10,  2.60s/it][A

103it [05:12,  2.60s/it][A

104it [05:15,  2.60s/it][A

105it [05:17,  2.60s/it][A

106it [05:20,  2.60s/it][A

107it [05:23,  2.60s/it][A

108it [05:25,  2.60s/it][A

109it [05:28,  2.60s/it][A

110it [05:30,  2.60s/it][A

111it [05:33,  2.60s/it][A

112it [05:36,  2.60s/it][A

113it [05:38,  2.60s/it][A

114it [05:41,  2.60s/it][A

115it [05:43,  2.60s/it][A

116it [05:46,  2.60s/it][A

117it [05:49,  2.60s/it][A

118it [05:51,  2.60s/it][A

119it [05:54,  2.60s/it][A

120it [05:56,  2.60s/it][A

121it [05:59,  2.60s/it][A

122it [06:02,  2.60s/it][A

123it [06:04,  2.60s/it][A

124it [06:07,  2.60s/it][A

125it [06:09,  2.60s/it][A

126it [06:12,  2.60s/it][A

127it [06:15,  2.60s/it][A

128it [06:17,  2.60s/it][A

129it [06:20,  2.60s/it][A

130it [06:22,  2.60s/it][A

131it [06:25,  2.60s/it][A

132it [06:27,  2.60s/it][A

133it [06:30,  2.60s/it][A

134it [06:33,  2.60s/it][A

135it [06:35,  2.60s/it][A

136it [06:38,  2.60s/it][A

137it [06:40,  2.60s/it][A

138it [06:43,  2.60s/it][A

139it [06:46,  2.60s/it][A

140it [06:48,  2.60s/it][A

141it [06:51,  2.60s/it][A

142it [06:53,  2.60s/it][A

143it [06:56,  2.60s/it][A

144it [06:59,  2.60s/it][A

145it [07:01,  2.60s/it][A

146it [07:04,  2.60s/it][A

147it [07:06,  2.60s/it][A

148it [07:09,  2.60s/it][A

149it [07:12,  2.60s/it][A

150it [07:14,  2.60s/it][A

151it [07:17,  2.60s/it][A

152it [07:19,  2.60s/it][A

153it [07:22,  2.60s/it][A

154it [07:25,  2.60s/it][A

155it [07:27,  2.60s/it][A

156it [07:30,  2.60s/it][A

157it [07:32,  2.60s/it][A

158it [07:35,  2.60s/it][A

159it [07:38,  2.60s/it][A

160it [07:40,  2.60s/it][A

161it [07:43,  2.60s/it][A

162it [07:45,  2.60s/it][A

163it [07:48,  2.60s/it][A

164it [07:51,  2.60s/it][A

165it [07:53,  2.60s/it][A

166it [07:56,  2.60s/it][A

167it [07:58,  2.61s/it][A

168it [08:01,  2.61s/it][A

169it [08:04,  2.61s/it][A

170it [08:06,  2.61s/it][A

171it [08:09,  2.61s/it][A

172it [08:12,  2.61s/it][A

173it [08:14,  2.61s/it][A

174it [08:17,  2.61s/it][A

175it [08:19,  2.61s/it][A

176it [08:22,  2.61s/it][A

177it [08:25,  2.61s/it][A

178it [08:27,  2.61s/it][A

179it [08:30,  2.61s/it][A

180it [08:32,  2.61s/it][A

181it [08:35,  2.61s/it][A

182it [08:38,  2.61s/it][A

183it [08:40,  2.61s/it][A

184it [08:43,  2.61s/it][A

185it [08:45,  2.61s/it][A

186it [08:48,  2.61s/it][A

187it [08:51,  2.61s/it][A

188it [08:53,  2.61s/it][A

189it [08:56,  2.61s/it][A

190it [08:58,  2.61s/it][A

191it [09:01,  2.61s/it][A

192it [09:04,  2.61s/it][A

193it [09:06,  2.61s/it][A

194it [09:09,  2.61s/it][A

195it [09:11,  2.61s/it][A

196it [09:14,  2.61s/it][A

197it [09:17,  2.61s/it][A

198it [09:19,  2.61s/it][A

199it [09:22,  2.61s/it][A

200it [09:25,  2.61s/it][A

201it [09:27,  2.61s/it][A

202it [09:30,  2.61s/it][A

203it [09:32,  2.61s/it][A

204it [09:35,  2.61s/it][A

205it [09:38,  2.61s/it][A

206it [09:40,  2.61s/it][A

207it [09:43,  2.61s/it][A

208it [09:45,  2.61s/it][A

209it [09:48,  2.61s/it][A

210it [09:51,  2.61s/it][A

211it [09:53,  2.61s/it][A

212it [09:56,  2.61s/it][A

213it [09:58,  2.61s/it][A

214it [10:01,  2.61s/it][A

215it [10:04,  2.61s/it][A

216it [10:06,  2.61s/it][A

217it [10:09,  2.61s/it][A

218it [10:11,  2.61s/it][A

219it [10:14,  2.61s/it][A

220it [10:17,  2.61s/it][A

221it [10:19,  2.61s/it][A

222it [10:22,  2.61s/it][A

223it [10:24,  2.61s/it][A

224it [10:27,  2.61s/it][A

225it [10:30,  2.61s/it][A

226it [10:32,  2.61s/it][A

227it [10:35,  2.61s/it][A

228it [10:38,  2.61s/it][A

229it [10:40,  2.61s/it][A

230it [10:43,  2.61s/it][A

231it [10:45,  2.61s/it][A

232it [10:48,  2.61s/it][A

233it [10:51,  2.61s/it][A

234it [10:53,  2.61s/it][A

235it [10:56,  2.61s/it][A

236it [10:58,  2.61s/it][A

237it [11:01,  2.61s/it][A

238it [11:04,  2.61s/it][A

239it [11:06,  2.61s/it][A

240it [11:09,  2.61s/it][A

241it [11:11,  2.61s/it][A

242it [11:14,  2.61s/it][A

243it [11:17,  2.61s/it][A

244it [11:19,  2.61s/it][A

245it [11:22,  2.61s/it][A

246it [11:24,  2.61s/it][A

247it [11:27,  2.61s/it][A

248it [11:30,  2.61s/it][A

249it [11:32,  2.61s/it][A

250it [11:35,  2.61s/it][A

251it [11:37,  2.61s/it][A
251it [11:37,  2.78s/it]

1it [12:00, 720.02s/it]sampling complete

2it [12:00, 296.67s/it]________________________
Min and Max weights are the same for loss function
________________________

3it [12:00, 161.33s/it]________________________
Min and Max weights are the same for loss function
________________________

4it [12:00, 97.76s/it] ________________________
Min and Max weights are the same for loss function
________________________

5it [12:01, 62.61s/it]________________________
Min and Max weights are the same for loss function
________________________

6it [12:01, 41.42s/it]________________________
Min and Max weights are the same for loss function
________________________

7it [12:01, 27.97s/it]________________________
Min and Max weights are the same for loss function
________________________

8it [12:02, 19.16s/it]________________________
Min and Max weights are the same for loss function
________________________

9it [12:02, 13.26s/it]________________________
Min and Max weights are the same for loss function
________________________

10it [12:02,  9.25s/it]________________________
Min and Max weights are the same for loss function
________________________

11it [12:02,  6.51s/it]________________________
Min and Max weights are the same for loss function
________________________

12it [12:03,  4.61s/it]________________________
Min and Max weights are the same for loss function
________________________

13it [12:03,  3.30s/it]________________________
Min and Max weights are the same for loss function
________________________

14it [12:03,  2.39s/it]________________________
Min and Max weights are the same for loss function
________________________

15it [12:04,  1.75s/it]________________________
Min and Max weights are the same for loss function
________________________

16it [12:04,  1.31s/it]________________________
Min and Max weights are the same for loss function
________________________

17it [12:04,  1.00s/it]________________________
Min and Max weights are the same for loss function
________________________

18it [12:04,  1.27it/s]________________________
Min and Max weights are the same for loss function
________________________

19it [12:05,  1.58it/s]________________________
Min and Max weights are the same for loss function
________________________

20it [12:05,  1.89it/s]________________________
Min and Max weights are the same for loss function
________________________

21it [12:05,  2.20it/s]________________________
Min and Max weights are the same for loss function
________________________

22it [12:06,  2.48it/s]________________________
Min and Max weights are the same for loss function
________________________

23it [12:06,  2.72it/s]________________________
Min and Max weights are the same for loss function
________________________

24it [12:06,  2.92it/s]________________________
Min and Max weights are the same for loss function
________________________

25it [12:06,  3.09it/s]________________________
Min and Max weights are the same for loss function
________________________
________________________
Min and Max weights are the same for loss function
________________________
saving model 0...
saving model 0.9999...
sampling 2500 images


0it [00:00, ?it/s][A

1it [00:02,  2.81s/it][A

2it [00:05,  2.76s/it][A

3it [00:08,  2.71s/it][A

4it [00:10,  2.69s/it][A

5it [00:13,  2.74s/it][A

6it [00:16,  2.69s/it][A

7it [00:18,  2.66s/it][A

8it [00:21,  2.64s/it][A

9it [00:24,  2.62s/it][A

10it [00:26,  2.61s/it][A

11it [00:29,  2.61s/it][A

12it [00:31,  2.60s/it][A

13it [00:34,  2.60s/it][A

14it [00:36,  2.60s/it][A

15it [00:39,  2.60s/it][A

16it [00:42,  2.59s/it][A

17it [00:44,  2.59s/it][A

18it [00:47,  2.59s/it][A

19it [00:49,  2.59s/it][A

20it [00:52,  2.59s/it][A

21it [00:55,  2.59s/it][A

22it [00:57,  2.59s/it][A

23it [01:00,  2.59s/it][A

24it [01:02,  2.59s/it][A

25it [01:05,  2.59s/it][A

26it [01:08,  2.59s/it][A

27it [01:10,  2.59s/it][A

28it [01:13,  2.59s/it][A

29it [01:15,  2.59s/it][A

30it [01:18,  2.59s/it][A

31it [01:21,  2.59s/it][A

32it [01:23,  2.59s/it][A

33it [01:26,  2.59s/it][A

34it [01:28,  2.59s/it][A

35it [01:31,  2.59s/it][A

36it [01:34,  2.59s/it][A

37it [01:36,  2.59s/it][A

38it [01:39,  2.59s/it][A

39it [01:41,  2.59s/it][A

40it [01:44,  2.59s/it][A

41it [01:47,  2.59s/it][A

42it [01:49,  2.59s/it][A

43it [01:52,  2.59s/it][A

44it [01:54,  2.60s/it][A

45it [01:57,  2.60s/it][A

46it [01:59,  2.59s/it][A

47it [02:02,  2.59s/it][A

48it [02:05,  2.59s/it][A

49it [02:07,  2.60s/it][A

50it [02:10,  2.59s/it][A

51it [02:12,  2.59s/it][A

52it [02:15,  2.59s/it][A

53it [02:18,  2.59s/it][A

54it [02:20,  2.59s/it][A

55it [02:23,  2.59s/it][A

56it [02:25,  2.59s/it][A

57it [02:28,  2.59s/it][A

58it [02:31,  2.59s/it][A

59it [02:33,  2.59s/it][A

60it [02:36,  2.59s/it][A

61it [02:38,  2.59s/it][A

62it [02:41,  2.59s/it][A

63it [02:44,  2.59s/it][A

64it [02:46,  2.59s/it][A

65it [02:49,  2.59s/it][A

66it [02:51,  2.59s/it][A

67it [02:54,  2.59s/it][A

68it [02:57,  2.59s/it][A

69it [02:59,  2.59s/it][A

70it [03:02,  2.59s/it][A

71it [03:04,  2.59s/it][A

72it [03:07,  2.59s/it][A

73it [03:10,  2.59s/it][A

74it [03:12,  2.59s/it][A

75it [03:15,  2.59s/it][A

76it [03:17,  2.59s/it][A

77it [03:20,  2.59s/it][A

78it [03:22,  2.59s/it][A

79it [03:25,  2.59s/it][A

80it [03:28,  2.59s/it][A

81it [03:30,  2.59s/it][A

82it [03:33,  2.59s/it][A

83it [03:35,  2.59s/it][A

84it [03:38,  2.59s/it][A

85it [03:41,  2.59s/it][A

86it [03:43,  2.59s/it][A

87it [03:46,  2.60s/it][A

88it [03:48,  2.60s/it][A

89it [03:51,  2.60s/it][A

90it [03:54,  2.60s/it][A

91it [03:56,  2.60s/it][A

92it [03:59,  2.60s/it][A

93it [04:01,  2.60s/it][A

94it [04:04,  2.60s/it][A

95it [04:07,  2.60s/it][A

96it [04:09,  2.60s/it][A

97it [04:12,  2.60s/it][A

98it [04:14,  2.60s/it][A

99it [04:17,  2.60s/it][A

100it [04:20,  2.60s/it][A

101it [04:22,  2.60s/it][A

102it [04:25,  2.60s/it][A

103it [04:27,  2.60s/it][A

104it [04:30,  2.60s/it][A

105it [04:33,  2.60s/it][A

106it [04:35,  2.60s/it][A

107it [04:38,  2.60s/it][A

108it [04:40,  2.60s/it][A

109it [04:43,  2.60s/it][A

110it [04:46,  2.60s/it][A

111it [04:48,  2.60s/it][A

112it [04:51,  2.60s/it][A

113it [04:53,  2.60s/it][A

114it [04:56,  2.60s/it][A

115it [04:59,  2.60s/it][A

116it [05:01,  2.60s/it][A

117it [05:04,  2.60s/it][A

118it [05:06,  2.60s/it][A

119it [05:09,  2.60s/it][A

120it [05:12,  2.60s/it][A

121it [05:14,  2.60s/it][A

122it [05:17,  2.60s/it][A

123it [05:19,  2.60s/it][A

124it [05:22,  2.60s/it][A

125it [05:25,  2.60s/it][A

126it [05:27,  2.61s/it][A

127it [05:30,  2.61s/it][A

128it [05:32,  2.60s/it][A

129it [05:35,  2.60s/it][A

130it [05:38,  2.60s/it][A

131it [05:40,  2.60s/it][A

132it [05:43,  2.60s/it][A

133it [05:45,  2.60s/it][A

134it [05:48,  2.60s/it][A

135it [05:51,  2.60s/it][A

136it [05:53,  2.60s/it][A

137it [05:56,  2.60s/it][A

138it [05:58,  2.60s/it][A

139it [06:01,  2.60s/it][A

140it [06:04,  2.60s/it][A

141it [06:06,  2.60s/it][A

142it [06:09,  2.60s/it][A

143it [06:11,  2.60s/it][A

144it [06:14,  2.60s/it][A

145it [06:17,  2.60s/it][A

146it [06:19,  2.60s/it][A

147it [06:22,  2.60s/it][A

148it [06:24,  2.60s/it][A

149it [06:27,  2.60s/it][A

150it [06:30,  2.60s/it][A

151it [06:32,  2.60s/it][A

152it [06:35,  2.60s/it][A

153it [06:37,  2.60s/it][A

154it [06:40,  2.60s/it][A

155it [06:43,  2.60s/it][A

156it [06:45,  2.60s/it][A

157it [06:48,  2.60s/it][A

158it [06:50,  2.60s/it][A

159it [06:53,  2.60s/it][A

160it [06:56,  2.60s/it][A

161it [06:58,  2.60s/it][A

162it [07:01,  2.60s/it][A

163it [07:03,  2.60s/it][A

164it [07:06,  2.60s/it][A

165it [07:09,  2.60s/it][A

166it [07:11,  2.60s/it][A

167it [07:14,  2.60s/it][A

168it [07:16,  2.60s/it][A

169it [07:19,  2.60s/it][A

170it [07:22,  2.60s/it][A

171it [07:24,  2.60s/it][A

172it [07:27,  2.60s/it][A

173it [07:30,  2.60s/it][A

174it [07:32,  2.60s/it][A

175it [07:35,  2.60s/it][A

176it [07:37,  2.60s/it][A

177it [07:40,  2.60s/it][A

178it [07:43,  2.60s/it][A

179it [07:45,  2.60s/it][A

180it [07:48,  2.60s/it][A

181it [07:50,  2.60s/it][A

182it [07:53,  2.60s/it][A

183it [07:56,  2.60s/it][A

184it [07:58,  2.60s/it][A

185it [08:01,  2.60s/it][A

186it [08:03,  2.60s/it][A

187it [08:06,  2.60s/it][A

188it [08:09,  2.60s/it][A

189it [08:11,  2.60s/it][A

190it [08:14,  2.60s/it][A

191it [08:16,  2.60s/it][A

192it [08:19,  2.60s/it][A

193it [08:22,  2.60s/it][A

194it [08:24,  2.60s/it][A

195it [08:27,  2.60s/it][A

196it [08:29,  2.60s/it][A

197it [08:32,  2.60s/it][A

198it [08:35,  2.60s/it][A

199it [08:37,  2.60s/it][A

200it [08:40,  2.60s/it][A

201it [08:42,  2.60s/it][A

202it [08:45,  2.60s/it][A

203it [08:48,  2.60s/it][A

204it [08:50,  2.60s/it][A

205it [08:53,  2.60s/it][A

206it [08:55,  2.60s/it][A

207it [08:58,  2.60s/it][A

208it [09:01,  2.60s/it][A

209it [09:03,  2.60s/it][A

210it [09:06,  2.60s/it][A

211it [09:08,  2.60s/it][A

212it [09:11,  2.60s/it][A

213it [09:14,  2.60s/it][A

214it [09:16,  2.60s/it][A

215it [09:19,  2.60s/it][A

216it [09:21,  2.60s/it][A

217it [09:24,  2.60s/it][A

218it [09:27,  2.60s/it][A

219it [09:29,  2.60s/it][A

220it [09:32,  2.60s/it][A

221it [09:34,  2.60s/it][A

222it [09:37,  2.60s/it][A

223it [09:40,  2.60s/it][A

224it [09:42,  2.60s/it][A

225it [09:45,  2.60s/it][A

226it [09:47,  2.60s/it][A

227it [09:50,  2.60s/it][A

228it [09:53,  2.60s/it][A

229it [09:55,  2.60s/it][A

230it [09:58,  2.60s/it][A

231it [10:00,  2.60s/it][A

232it [10:03,  2.60s/it][A

233it [10:06,  2.60s/it][A

234it [10:08,  2.60s/it][A

235it [10:11,  2.60s/it][A

236it [10:13,  2.60s/it][A

237it [10:16,  2.60s/it][A

238it [10:19,  2.60s/it][A

239it [10:21,  2.60s/it][A

240it [10:24,  2.60s/it][A

241it [10:26,  2.60s/it][A

242it [10:29,  2.60s/it][A

243it [10:32,  2.60s/it][A

244it [10:34,  2.60s/it][A

245it [10:37,  2.60s/it][A

246it [10:39,  2.60s/it][A

247it [10:42,  2.60s/it][A

248it [10:45,  2.60s/it][A

249it [10:47,  2.60s/it][A

250it [10:50,  2.60s/it][A

251it [10:52,  2.60s/it][A
251it [10:52,  2.60s/it]

26it [23:03, 197.11s/it]sampling complete

27it [23:03, 138.06s/it]________________________
Min and Max weights are the same for loss function
________________________

28it [23:03, 96.73s/it] ________________________
Min and Max weights are the same for loss function
________________________

29it [23:03, 67.79s/it]________________________
Min and Max weights are the same for loss function
________________________

30it [23:04, 47.54s/it]________________________
Min and Max weights are the same for loss function
________________________

31it [23:04, 33.36s/it]________________________
Min and Max weights are the same for loss function
________________________

32it [23:04, 23.44s/it]________________________
Min and Max weights are the same for loss function
________________________

33it [23:05, 16.49s/it]________________________
Min and Max weights are the same for loss function
________________________

34it [23:05, 11.63s/it]________________________
Min and Max weights are the same for loss function
________________________

35it [23:05,  8.23s/it]________________________
Min and Max weights are the same for loss function
________________________

36it [23:05,  5.84s/it]________________________
Min and Max weights are the same for loss function
________________________

37it [23:06,  4.18s/it]________________________
Min and Max weights are the same for loss function
________________________

38it [23:06,  3.01s/it]________________________
Min and Max weights are the same for loss function
________________________

39it [23:06,  2.19s/it]________________________
Min and Max weights are the same for loss function
________________________

40it [23:07,  1.62s/it]________________________
Min and Max weights are the same for loss function
________________________

41it [23:07,  1.22s/it]________________________
Min and Max weights are the same for loss function
________________________

42it [23:07,  1.07it/s]________________________
Min and Max weights are the same for loss function
________________________

43it [23:07,  1.35it/s]________________________
Min and Max weights are the same for loss function
________________________

44it [23:08,  1.65it/s]________________________
Min and Max weights are the same for loss function
________________________

45it [23:08,  1.97it/s]________________________
Min and Max weights are the same for loss function
________________________

46it [23:08,  2.27it/s]________________________
Min and Max weights are the same for loss function
________________________

47it [23:09,  2.54it/s]________________________
Min and Max weights are the same for loss function
________________________

48it [23:09,  2.77it/s]________________________
Min and Max weights are the same for loss function
________________________

49it [23:09,  2.97it/s]________________________
Min and Max weights are the same for loss function
________________________

50it [23:09,  3.12it/s]________________________
Min and Max weights are the same for loss function
________________________
________________________
Min and Max weights are the same for loss function
________________________
saving model 0...
saving model 0.9999...
sampling 2500 images


0it [00:00, ?it/s][A

1it [00:02,  2.67s/it][A

2it [00:05,  2.67s/it][A

3it [00:07,  2.66s/it][A

4it [00:10,  2.65s/it][A

5it [00:13,  2.65s/it][A

6it [00:15,  2.63s/it][A

7it [00:18,  2.62s/it][A

8it [00:21,  2.61s/it][A

9it [00:23,  2.60s/it][A

10it [00:26,  2.60s/it][A

11it [00:28,  2.59s/it][A

12it [00:31,  2.59s/it][A

13it [00:33,  2.59s/it][A

14it [00:36,  2.59s/it][A

15it [00:39,  2.59s/it][A

16it [00:41,  2.59s/it][A

17it [00:44,  2.59s/it][A

18it [00:46,  2.59s/it][A

19it [00:49,  2.59s/it][A

20it [00:52,  2.59s/it][A

21it [00:54,  2.59s/it][A

22it [00:57,  2.59s/it][A

23it [00:59,  2.59s/it][A

24it [01:02,  2.59s/it][A

25it [01:05,  2.59s/it][A

26it [01:07,  2.59s/it][A

27it [01:10,  2.59s/it][A

28it [01:12,  2.59s/it][A

29it [01:15,  2.59s/it][A

30it [01:17,  2.59s/it][A

31it [01:20,  2.59s/it][A

32it [01:23,  2.59s/it][A

33it [01:25,  2.59s/it][A

34it [01:28,  2.59s/it][A

35it [01:30,  2.59s/it][A

36it [01:33,  2.59s/it][A

37it [01:36,  2.59s/it][A

38it [01:38,  2.59s/it][A

39it [01:41,  2.59s/it][A

40it [01:43,  2.59s/it][A

41it [01:46,  2.59s/it][A

42it [01:49,  2.59s/it][A

43it [01:51,  2.59s/it][A

44it [01:54,  2.59s/it][A

45it [01:56,  2.59s/it][A

46it [01:59,  2.59s/it][A

47it [02:01,  2.59s/it][A

48it [02:04,  2.59s/it][A

49it [02:07,  2.59s/it][A

50it [02:09,  2.59s/it][A

51it [02:12,  2.59s/it][A

52it [02:14,  2.59s/it][A

53it [02:17,  2.59s/it][A

54it [02:20,  2.59s/it][A

55it [02:22,  2.59s/it][A

56it [02:25,  2.59s/it][A

57it [02:27,  2.59s/it][A

58it [02:30,  2.59s/it][A

59it [02:33,  2.59s/it][A

60it [02:35,  2.59s/it][A

61it [02:38,  2.59s/it][A

62it [02:40,  2.59s/it][A

63it [02:43,  2.59s/it][A

64it [02:45,  2.59s/it][A

65it [02:48,  2.59s/it][A

66it [02:51,  2.59s/it][A

67it [02:53,  2.59s/it][A

68it [02:56,  2.59s/it][A

69it [02:58,  2.59s/it][A

70it [03:01,  2.59s/it][A

71it [03:04,  2.59s/it][A

72it [03:06,  2.59s/it][A

73it [03:09,  2.59s/it][A

74it [03:11,  2.59s/it][A

75it [03:14,  2.59s/it][A

76it [03:17,  2.59s/it][A

77it [03:19,  2.59s/it][A

78it [03:22,  2.59s/it][A

79it [03:24,  2.59s/it][A

80it [03:27,  2.59s/it][A

81it [03:30,  2.59s/it][A

82it [03:32,  2.59s/it][A

83it [03:35,  2.59s/it][A

84it [03:37,  2.59s/it][A

85it [03:40,  2.59s/it][A

86it [03:42,  2.59s/it][A

87it [03:45,  2.59s/it][A

88it [03:48,  2.59s/it][A

89it [03:50,  2.59s/it][A

90it [03:53,  2.59s/it][A

91it [03:55,  2.59s/it][A

92it [03:58,  2.59s/it][A

93it [04:01,  2.59s/it][A

94it [04:03,  2.59s/it][A

95it [04:06,  2.59s/it][A

96it [04:08,  2.59s/it][A

97it [04:11,  2.59s/it][A

98it [04:14,  2.59s/it][A

99it [04:16,  2.59s/it][A

100it [04:19,  2.59s/it][A

101it [04:21,  2.59s/it][A

102it [04:24,  2.59s/it][A

103it [04:27,  2.59s/it][A

104it [04:29,  2.59s/it][A

105it [04:32,  2.59s/it][A

106it [04:34,  2.59s/it][A

107it [04:37,  2.59s/it][A

108it [04:40,  2.59s/it][A

109it [04:42,  2.59s/it][A

110it [04:45,  2.59s/it][A

111it [04:47,  2.59s/it][A

112it [04:50,  2.60s/it][A

113it [04:52,  2.60s/it][A

114it [04:55,  2.60s/it][A

115it [04:58,  2.60s/it][A

116it [05:00,  2.60s/it][A

117it [05:03,  2.60s/it][A

118it [05:05,  2.60s/it][A

119it [05:08,  2.60s/it][A

120it [05:11,  2.60s/it][A

121it [05:13,  2.60s/it][A

122it [05:16,  2.60s/it][A

123it [05:18,  2.60s/it][A

124it [05:21,  2.60s/it][A

125it [05:24,  2.60s/it][A

126it [05:26,  2.60s/it][A

127it [05:29,  2.60s/it][A

128it [05:31,  2.60s/it][A

129it [05:34,  2.60s/it][A

130it [05:37,  2.60s/it][A

131it [05:39,  2.60s/it][A

132it [05:42,  2.60s/it][A

133it [05:44,  2.60s/it][A

134it [05:47,  2.60s/it][A

135it [05:50,  2.60s/it][A

136it [05:52,  2.60s/it][A

137it [05:55,  2.60s/it][A

138it [05:57,  2.60s/it][A

139it [06:00,  2.60s/it][A

140it [06:03,  2.60s/it][A

141it [06:05,  2.60s/it][A

142it [06:08,  2.60s/it][A

143it [06:10,  2.60s/it][A

144it [06:13,  2.60s/it][A

145it [06:16,  2.60s/it][A

146it [06:18,  2.60s/it][A

147it [06:21,  2.60s/it][A

148it [06:23,  2.60s/it][A

149it [06:26,  2.60s/it][A

150it [06:29,  2.60s/it][A

151it [06:31,  2.60s/it][A

152it [06:34,  2.60s/it][A

153it [06:36,  2.60s/it][A

154it [06:39,  2.60s/it][A

155it [06:42,  2.60s/it][A

156it [06:44,  2.60s/it][A

157it [06:47,  2.60s/it][A

158it [06:49,  2.60s/it][A

159it [06:52,  2.60s/it][A

160it [06:55,  2.60s/it][A

161it [06:57,  2.60s/it][A

162it [07:00,  2.60s/it][A

163it [07:02,  2.60s/it][A

164it [07:05,  2.60s/it][A

165it [07:08,  2.60s/it][A

166it [07:10,  2.60s/it][A

167it [07:13,  2.60s/it][A

168it [07:15,  2.60s/it][A

169it [07:18,  2.60s/it][A

170it [07:21,  2.60s/it][A

171it [07:23,  2.60s/it][A

172it [07:26,  2.60s/it][A

173it [07:28,  2.60s/it][A

174it [07:31,  2.60s/it][A

175it [07:34,  2.60s/it][A

176it [07:36,  2.60s/it][A

177it [07:39,  2.60s/it][A

178it [07:41,  2.60s/it][A

179it [07:44,  2.60s/it][A

180it [07:47,  2.60s/it][A

181it [07:49,  2.60s/it][A

182it [07:52,  2.60s/it][A

183it [07:54,  2.60s/it][A

184it [07:57,  2.60s/it][A

185it [08:00,  2.60s/it][A

186it [08:02,  2.60s/it][A

187it [08:05,  2.60s/it][A

188it [08:07,  2.60s/it][A

189it [08:10,  2.60s/it][A

190it [08:13,  2.60s/it][A

191it [08:15,  2.60s/it][A

192it [08:18,  2.60s/it][A

193it [08:20,  2.60s/it][A

194it [08:23,  2.60s/it][A

195it [08:26,  2.60s/it][A

196it [08:28,  2.60s/it][A

197it [08:31,  2.60s/it][A

198it [08:33,  2.60s/it][A

199it [08:36,  2.60s/it][A

200it [08:39,  2.60s/it][A

201it [08:41,  2.60s/it][A

202it [08:44,  2.60s/it][A

203it [08:46,  2.60s/it][A

204it [08:49,  2.60s/it][A

205it [08:52,  2.60s/it][A

206it [08:54,  2.60s/it][A

207it [08:57,  2.60s/it][A

208it [08:59,  2.60s/it][A

209it [09:02,  2.60s/it][A

210it [09:05,  2.60s/it][A

211it [09:07,  2.60s/it][A

212it [09:10,  2.60s/it][A

213it [09:12,  2.60s/it][A

214it [09:15,  2.60s/it][A

215it [09:18,  2.60s/it][A

216it [09:20,  2.60s/it][A

217it [09:23,  2.60s/it][A

218it [09:25,  2.60s/it][A

219it [09:28,  2.60s/it][A

220it [09:31,  2.60s/it][A

221it [09:33,  2.60s/it][A

222it [09:36,  2.60s/it][A

223it [09:38,  2.60s/it][A

224it [09:41,  2.60s/it][A

225it [09:44,  2.60s/it][A

226it [09:46,  2.60s/it][A

227it [09:49,  2.60s/it][A

228it [09:51,  2.60s/it][A

229it [09:54,  2.60s/it][A

230it [09:57,  2.60s/it][A

231it [09:59,  2.60s/it][A

232it [10:02,  2.60s/it][A

233it [10:04,  2.60s/it][A

234it [10:07,  2.60s/it][A

235it [10:10,  2.60s/it][A

236it [10:12,  2.60s/it][A

237it [10:15,  2.60s/it][A

238it [10:17,  2.60s/it][A

239it [10:20,  2.60s/it][A

240it [10:22,  2.60s/it][A

241it [10:25,  2.60s/it][A

242it [10:28,  2.60s/it][A

243it [10:30,  2.60s/it][A

244it [10:33,  2.60s/it][A

245it [10:35,  2.60s/it][A

246it [10:38,  2.60s/it][A

247it [10:41,  2.60s/it][A

248it [10:43,  2.60s/it][A

249it [10:46,  2.60s/it][A

250it [10:48,  2.60s/it][A

251it [10:51,  2.60s/it][A
251it [10:51,  2.60s/it]

51it [34:04, 196.61s/it]sampling complete

52it [34:04, 137.72s/it]________________________
Min and Max weights are the same for loss function
________________________

53it [34:05, 96.49s/it] ________________________
Min and Max weights are the same for loss function
________________________

54it [34:05, 67.62s/it]________________________
Min and Max weights are the same for loss function
________________________

55it [34:05, 47.42s/it]________________________
Min and Max weights are the same for loss function
________________________

56it [34:05, 33.28s/it]________________________
Min and Max weights are the same for loss function
________________________

57it [34:06, 23.38s/it]________________________
Min and Max weights are the same for loss function
________________________

58it [34:06, 16.45s/it]________________________
Min and Max weights are the same for loss function
________________________

59it [34:06, 11.60s/it]________________________
Min and Max weights are the same for loss function
________________________

60it [34:07,  8.21s/it]________________________
Min and Max weights are the same for loss function
________________________

61it [34:07,  5.83s/it]________________________
Min and Max weights are the same for loss function
________________________

62it [34:07,  4.17s/it]________________________
Min and Max weights are the same for loss function
________________________

63it [34:07,  3.00s/it]________________________
Min and Max weights are the same for loss function
________________________

64it [34:08,  2.19s/it]________________________
Min and Max weights are the same for loss function
________________________

65it [34:08,  1.62s/it]________________________
Min and Max weights are the same for loss function
________________________

66it [34:08,  1.22s/it]________________________
Min and Max weights are the same for loss function
________________________

67it [34:09,  1.07it/s]________________________
Min and Max weights are the same for loss function
________________________

68it [34:09,  1.35it/s]________________________
Min and Max weights are the same for loss function
________________________

69it [34:09,  1.66it/s]________________________
Min and Max weights are the same for loss function
________________________

70it [34:09,  1.97it/s]________________________
Min and Max weights are the same for loss function
________________________

71it [34:10,  2.27it/s]________________________
Min and Max weights are the same for loss function
________________________

72it [34:10,  2.54it/s]________________________
Min and Max weights are the same for loss function
________________________

73it [34:10,  2.77it/s]________________________
Min and Max weights are the same for loss function
________________________

74it [34:11,  2.97it/s]________________________
Min and Max weights are the same for loss function
________________________

75it [34:11,  3.11it/s]________________________
Min and Max weights are the same for loss function
________________________
________________________
Min and Max weights are the same for loss function
________________________
saving model 0...
saving model 0.9999...
sampling 2500 images


0it [00:00, ?it/s][A

1it [00:02,  2.69s/it][A

2it [00:05,  2.67s/it][A

3it [00:08,  2.68s/it][A

4it [00:10,  2.67s/it][A

5it [00:13,  2.66s/it][A

6it [00:15,  2.64s/it][A

7it [00:18,  2.63s/it][A

8it [00:21,  2.62s/it][A

9it [00:23,  2.61s/it][A

10it [00:26,  2.61s/it][A

11it [00:28,  2.61s/it][A

12it [00:31,  2.61s/it][A

13it [00:34,  2.60s/it][A

14it [00:36,  2.60s/it][A

15it [00:39,  2.60s/it][A

16it [00:41,  2.60s/it][A

17it [00:44,  2.60s/it][A

18it [00:47,  2.60s/it][A

19it [00:49,  2.60s/it][A

20it [00:52,  2.60s/it][A

21it [00:54,  2.60s/it][A

22it [00:57,  2.60s/it][A

23it [01:00,  2.60s/it][A

24it [01:02,  2.60s/it][A

25it [01:05,  2.60s/it][A

26it [01:07,  2.60s/it][A

27it [01:10,  2.60s/it][A

28it [01:13,  2.60s/it][A

29it [01:15,  2.59s/it][A

30it [01:18,  2.59s/it][A

31it [01:20,  2.59s/it][A

32it [01:23,  2.59s/it][A

33it [01:26,  2.59s/it][A

34it [01:28,  2.59s/it][A

35it [01:31,  2.59s/it][A

36it [01:33,  2.59s/it][A

37it [01:36,  2.59s/it][A

38it [01:39,  2.59s/it][A

39it [01:41,  2.59s/it][A

40it [01:44,  2.59s/it][A

41it [01:46,  2.59s/it][A

42it [01:49,  2.59s/it][A

43it [01:52,  2.59s/it][A

44it [01:54,  2.59s/it][A

45it [01:57,  2.59s/it][A

46it [01:59,  2.59s/it][A

47it [02:02,  2.59s/it][A

48it [02:04,  2.59s/it][A

49it [02:07,  2.59s/it][A

50it [02:10,  2.59s/it][A

51it [02:12,  2.59s/it][A

52it [02:15,  2.59s/it][A

53it [02:17,  2.59s/it][A

54it [02:20,  2.59s/it][A

55it [02:23,  2.59s/it][A

56it [02:25,  2.59s/it][A

57it [02:28,  2.59s/it][A

58it [02:30,  2.59s/it][A

59it [02:33,  2.59s/it][A

60it [02:36,  2.59s/it][A

61it [02:38,  2.59s/it][A

62it [02:41,  2.59s/it][A

63it [02:43,  2.59s/it][A

64it [02:46,  2.59s/it][A

65it [02:49,  2.59s/it][A

66it [02:51,  2.59s/it][A

67it [02:54,  2.59s/it][A

68it [02:56,  2.59s/it][A

69it [02:59,  2.59s/it][A

70it [03:01,  2.59s/it][A

71it [03:04,  2.59s/it][A

72it [03:07,  2.59s/it][A

73it [03:09,  2.59s/it][A

74it [03:12,  2.59s/it][A

75it [03:14,  2.59s/it][A

76it [03:17,  2.59s/it][A

77it [03:20,  2.59s/it][A

78it [03:22,  2.59s/it][A

79it [03:25,  2.59s/it][A

80it [03:27,  2.59s/it][A

81it [03:30,  2.59s/it][A

82it [03:32,  2.58s/it][A

83it [03:35,  2.59s/it][A

84it [03:38,  2.58s/it][A

85it [03:40,  2.58s/it][A

86it [03:43,  2.58s/it][A

87it [03:45,  2.58s/it][A

88it [03:48,  2.58s/it][A

89it [03:51,  2.58s/it][A

90it [03:53,  2.58s/it][A

91it [03:56,  2.58s/it][A

92it [03:58,  2.58s/it][A

93it [04:01,  2.58s/it][A

94it [04:03,  2.58s/it][A

95it [04:06,  2.58s/it][A

96it [04:09,  2.58s/it][A

97it [04:11,  2.58s/it][A

98it [04:14,  2.58s/it][A

99it [04:16,  2.58s/it][A

100it [04:19,  2.58s/it][A

101it [04:22,  2.58s/it][A

102it [04:24,  2.58s/it][A

103it [04:27,  2.58s/it][A

104it [04:29,  2.58s/it][A

105it [04:32,  2.58s/it][A

106it [04:34,  2.58s/it][A

107it [04:37,  2.58s/it][A

108it [04:40,  2.58s/it][A

109it [04:42,  2.58s/it][A

110it [04:45,  2.58s/it][A

111it [04:47,  2.58s/it][A

112it [04:50,  2.58s/it][A

113it [04:52,  2.58s/it][A

114it [04:55,  2.58s/it][A

115it [04:58,  2.58s/it][A

116it [05:00,  2.58s/it][A

117it [05:03,  2.58s/it][A

118it [05:05,  2.58s/it][A

119it [05:08,  2.58s/it][A

120it [05:11,  2.58s/it][A

121it [05:13,  2.58s/it][A

122it [05:16,  2.58s/it][A

123it [05:18,  2.58s/it][A

124it [05:21,  2.58s/it][A

125it [05:23,  2.58s/it][A

126it [05:26,  2.58s/it][A

127it [05:29,  2.58s/it][A

128it [05:31,  2.58s/it][A

129it [05:34,  2.58s/it][A

130it [05:36,  2.58s/it][A

131it [05:39,  2.58s/it][A

132it [05:42,  2.58s/it][A

133it [05:44,  2.58s/it][A

134it [05:47,  2.58s/it][A

135it [05:49,  2.58s/it][A

136it [05:52,  2.58s/it][A

137it [05:54,  2.58s/it][A

138it [05:57,  2.58s/it][A

139it [06:00,  2.58s/it][A

140it [06:02,  2.58s/it][A

141it [06:05,  2.58s/it][A

142it [06:07,  2.58s/it][A

143it [06:10,  2.58s/it][A

144it [06:12,  2.58s/it][A

145it [06:15,  2.58s/it][A

146it [06:18,  2.58s/it][A

147it [06:20,  2.58s/it][A

148it [06:23,  2.58s/it][A

149it [06:25,  2.58s/it][A

150it [06:28,  2.58s/it][A

151it [06:30,  2.58s/it][A

152it [06:33,  2.58s/it][A

153it [06:36,  2.58s/it][A

154it [06:38,  2.58s/it][A

155it [06:41,  2.58s/it][A

156it [06:43,  2.58s/it][A

157it [06:46,  2.58s/it][A

158it [06:49,  2.58s/it][A

159it [06:51,  2.58s/it][A

160it [06:54,  2.58s/it][A

161it [06:56,  2.58s/it][A

162it [06:59,  2.58s/it][A

163it [07:01,  2.58s/it][A

164it [07:04,  2.58s/it][A

165it [07:07,  2.58s/it][A

166it [07:09,  2.58s/it][A

167it [07:12,  2.58s/it][A

168it [07:14,  2.58s/it][A

169it [07:17,  2.58s/it][A

170it [07:19,  2.58s/it][A

171it [07:22,  2.58s/it][A

172it [07:25,  2.58s/it][A

173it [07:27,  2.58s/it][A

174it [07:30,  2.58s/it][A

175it [07:32,  2.58s/it][A

176it [07:35,  2.58s/it][A

177it [07:38,  2.58s/it][A

178it [07:40,  2.58s/it][A

179it [07:43,  2.58s/it][A

180it [07:45,  2.58s/it][A

181it [07:48,  2.58s/it][A

182it [07:50,  2.58s/it][A

183it [07:53,  2.58s/it][A

184it [07:56,  2.58s/it][A

185it [07:58,  2.58s/it][A

186it [08:01,  2.58s/it][A

187it [08:03,  2.58s/it][A

188it [08:06,  2.58s/it][A

189it [08:08,  2.58s/it][A

190it [08:11,  2.58s/it][A

191it [08:14,  2.58s/it][A

192it [08:16,  2.58s/it][A

193it [08:19,  2.58s/it][A

194it [08:21,  2.58s/it][A

195it [08:24,  2.58s/it][A

196it [08:26,  2.58s/it][A

197it [08:29,  2.58s/it][A

198it [08:32,  2.58s/it][A

199it [08:34,  2.58s/it][A

200it [08:37,  2.58s/it][A

201it [08:39,  2.58s/it][A

202it [08:42,  2.58s/it][A

203it [08:45,  2.58s/it][A

204it [08:47,  2.58s/it][A

205it [08:50,  2.58s/it][A

206it [08:52,  2.58s/it][A

207it [08:55,  2.58s/it][A

208it [08:57,  2.58s/it][A

209it [09:00,  2.58s/it][A

210it [09:03,  2.58s/it][A

211it [09:05,  2.58s/it][A

212it [09:08,  2.58s/it][A

213it [09:10,  2.58s/it][A

214it [09:13,  2.58s/it][A

215it [09:15,  2.58s/it][A

216it [09:18,  2.58s/it][A

217it [09:21,  2.57s/it][A

218it [09:23,  2.57s/it][A

219it [09:26,  2.57s/it][A

220it [09:28,  2.57s/it][A

221it [09:31,  2.57s/it][A

222it [09:33,  2.57s/it][A

223it [09:36,  2.57s/it][A

224it [09:39,  2.57s/it][A

225it [09:41,  2.57s/it][A

226it [09:44,  2.57s/it][A

227it [09:46,  2.58s/it][A

228it [09:49,  2.58s/it][A

229it [09:51,  2.57s/it][A

230it [09:54,  2.57s/it][A

231it [09:57,  2.57s/it][A

232it [09:59,  2.57s/it][A

233it [10:02,  2.57s/it][A

234it [10:04,  2.57s/it][A

235it [10:07,  2.57s/it][A

236it [10:09,  2.57s/it][A

237it [10:12,  2.57s/it][A

238it [10:15,  2.58s/it][A

239it [10:17,  2.57s/it][A

240it [10:20,  2.57s/it][A

241it [10:22,  2.57s/it][A

242it [10:25,  2.57s/it][A

243it [10:28,  2.57s/it][A

244it [10:30,  2.57s/it][A

245it [10:33,  2.57s/it][A

246it [10:35,  2.57s/it][A

247it [10:38,  2.57s/it][A

248it [10:40,  2.57s/it][A

249it [10:43,  2.57s/it][A

250it [10:46,  2.57s/it][A

251it [10:48,  2.57s/it][A
251it [10:48,  2.58s/it]

76it [45:03, 195.84s/it]sampling complete

77it [45:03, 137.18s/it]________________________
Min and Max weights are the same for loss function
________________________

78it [45:03, 96.11s/it] ________________________
Min and Max weights are the same for loss function
________________________

79it [45:04, 67.36s/it]________________________
Min and Max weights are the same for loss function
________________________

80it [45:04, 47.24s/it]________________________
Min and Max weights are the same for loss function
________________________

81it [45:04, 33.15s/it]________________________
Min and Max weights are the same for loss function
________________________

82it [45:05, 23.29s/it]________________________
Min and Max weights are the same for loss function
________________________

83it [45:05, 16.39s/it]________________________
Min and Max weights are the same for loss function
________________________

84it [45:05, 11.56s/it]________________________
Min and Max weights are the same for loss function
________________________

85it [45:05,  8.18s/it]________________________
Min and Max weights are the same for loss function
________________________

86it [45:06,  5.81s/it]________________________
Min and Max weights are the same for loss function
________________________

87it [45:06,  4.15s/it]________________________
Min and Max weights are the same for loss function
________________________

88it [45:06,  2.99s/it]________________________
Min and Max weights are the same for loss function
________________________

89it [45:07,  2.18s/it]________________________
Min and Max weights are the same for loss function
________________________

90it [45:07,  1.61s/it]________________________
Min and Max weights are the same for loss function
________________________

91it [45:07,  1.21s/it]________________________
Min and Max weights are the same for loss function
________________________

92it [45:07,  1.07it/s]________________________
Min and Max weights are the same for loss function
________________________

93it [45:08,  1.35it/s]________________________
Min and Max weights are the same for loss function
________________________

94it [45:08,  1.66it/s]________________________
Min and Max weights are the same for loss function
________________________

95it [45:08,  1.97it/s]________________________
Min and Max weights are the same for loss function
________________________

96it [45:09,  2.27it/s]________________________
Min and Max weights are the same for loss function
________________________

97it [45:09,  2.53it/s]________________________
Min and Max weights are the same for loss function
________________________

98it [45:09,  2.77it/s]________________________
Min and Max weights are the same for loss function
________________________

99it [45:09,  2.95it/s]________________________
Min and Max weights are the same for loss function
________________________

100it [45:10,  3.10it/s]________________________
Min and Max weights are the same for loss function
________________________
________________________
Min and Max weights are the same for loss function
________________________
saving model 0...
saving model 0.9999...
sampling 2500 images


0it [00:00, ?it/s][A

1it [00:02,  2.76s/it][A

2it [00:05,  2.68s/it][A

3it [00:08,  2.67s/it][A

4it [00:10,  2.65s/it][A

5it [00:13,  2.65s/it][A

6it [00:15,  2.62s/it][A

7it [00:18,  2.61s/it][A

8it [00:21,  2.60s/it][A

9it [00:23,  2.59s/it][A

10it [00:26,  2.59s/it][A

11it [00:28,  2.59s/it][A

12it [00:31,  2.58s/it][A

13it [00:33,  2.58s/it][A

14it [00:36,  2.58s/it][A

15it [00:39,  2.58s/it][A

16it [00:41,  2.58s/it][A

17it [00:44,  2.58s/it][A

18it [00:46,  2.58s/it][A

19it [00:49,  2.58s/it][A

20it [00:52,  2.58s/it][A

21it [00:54,  2.58s/it][A

22it [00:57,  2.58s/it][A

23it [00:59,  2.58s/it][A

24it [01:02,  2.58s/it][A

25it [01:04,  2.58s/it][A

26it [01:07,  2.58s/it][A

27it [01:10,  2.58s/it][A

28it [01:12,  2.58s/it][A

29it [01:15,  2.58s/it][A

30it [01:17,  2.58s/it][A

31it [01:20,  2.58s/it][A

32it [01:23,  2.58s/it][A

33it [01:25,  2.58s/it][A

34it [01:28,  2.58s/it][A

35it [01:30,  2.58s/it][A

36it [01:33,  2.58s/it][A

37it [01:35,  2.58s/it][A

38it [01:38,  2.59s/it][A

39it [01:41,  2.58s/it][A

40it [01:43,  2.59s/it][A

41it [01:46,  2.59s/it][A

42it [01:48,  2.59s/it][A

43it [01:51,  2.59s/it][A

44it [01:54,  2.58s/it][A

45it [01:56,  2.58s/it][A

46it [01:59,  2.58s/it][A

47it [02:01,  2.58s/it][A

48it [02:04,  2.58s/it][A

49it [02:06,  2.58s/it][A

50it [02:09,  2.58s/it][A

51it [02:12,  2.58s/it][A

52it [02:14,  2.58s/it][A

53it [02:17,  2.58s/it][A

54it [02:19,  2.58s/it][A

55it [02:22,  2.58s/it][A

56it [02:25,  2.58s/it][A

57it [02:27,  2.58s/it][A

58it [02:30,  2.58s/it][A

59it [02:32,  2.58s/it][A

60it [02:35,  2.58s/it][A

61it [02:37,  2.58s/it][A

62it [02:40,  2.58s/it][A

63it [02:43,  2.59s/it][A

64it [02:45,  2.58s/it][A

65it [02:48,  2.58s/it][A

66it [02:50,  2.58s/it][A

67it [02:53,  2.58s/it][A

68it [02:56,  2.58s/it][A

69it [02:58,  2.58s/it][A

70it [03:01,  2.58s/it][A

71it [03:03,  2.58s/it][A

72it [03:06,  2.58s/it][A

73it [03:08,  2.58s/it][A

74it [03:11,  2.58s/it][A

75it [03:14,  2.59s/it][A

76it [03:16,  2.59s/it][A

77it [03:19,  2.59s/it][A

78it [03:21,  2.59s/it][A

79it [03:24,  2.59s/it][A

80it [03:27,  2.59s/it][A

81it [03:29,  2.59s/it][A

82it [03:32,  2.59s/it][A

83it [03:34,  2.59s/it][A

84it [03:37,  2.59s/it][A

85it [03:39,  2.59s/it][A

86it [03:42,  2.59s/it][A

87it [03:45,  2.59s/it][A

88it [03:47,  2.59s/it][A

89it [03:50,  2.59s/it][A

90it [03:52,  2.59s/it][A

91it [03:55,  2.59s/it][A

92it [03:58,  2.59s/it][A

93it [04:00,  2.59s/it][A

94it [04:03,  2.59s/it][A

95it [04:05,  2.59s/it][A

96it [04:08,  2.59s/it][A

97it [04:11,  2.59s/it][A

98it [04:13,  2.59s/it][A

99it [04:16,  2.59s/it][A

100it [04:18,  2.59s/it][A

101it [04:21,  2.59s/it][A

102it [04:23,  2.59s/it][A

103it [04:26,  2.59s/it][A

104it [04:29,  2.59s/it][A

105it [04:31,  2.59s/it][A

106it [04:34,  2.59s/it][A

107it [04:36,  2.59s/it][A

108it [04:39,  2.59s/it][A

109it [04:42,  2.59s/it][A

110it [04:44,  2.59s/it][A

111it [04:47,  2.59s/it][A

112it [04:49,  2.59s/it][A

113it [04:52,  2.59s/it][A

114it [04:54,  2.59s/it][A

115it [04:57,  2.59s/it][A

116it [05:00,  2.59s/it][A

117it [05:02,  2.59s/it][A

118it [05:05,  2.59s/it][A

119it [05:07,  2.59s/it][A

120it [05:10,  2.59s/it][A

121it [05:13,  2.59s/it][A

122it [05:15,  2.59s/it][A

123it [05:18,  2.59s/it][A

124it [05:20,  2.59s/it][A

125it [05:23,  2.59s/it][A

126it [05:26,  2.59s/it][A

127it [05:28,  2.59s/it][A

128it [05:31,  2.59s/it][A

129it [05:33,  2.59s/it][A

130it [05:36,  2.59s/it][A

131it [05:38,  2.59s/it][A

132it [05:41,  2.59s/it][A

133it [05:44,  2.59s/it][A

134it [05:46,  2.59s/it][A

135it [05:49,  2.60s/it][A

136it [05:51,  2.60s/it][A

137it [05:54,  2.60s/it][A

138it [05:57,  2.60s/it][A

139it [05:59,  2.60s/it][A

140it [06:02,  2.60s/it][A

141it [06:04,  2.60s/it][A

142it [06:07,  2.60s/it][A

143it [06:10,  2.60s/it][A

144it [06:12,  2.60s/it][A

145it [06:15,  2.60s/it][A

146it [06:17,  2.60s/it][A

147it [06:20,  2.60s/it][A

148it [06:23,  2.60s/it][A

149it [06:25,  2.60s/it][A

150it [06:28,  2.60s/it][A

151it [06:30,  2.60s/it][A

152it [06:33,  2.60s/it][A

153it [06:36,  2.60s/it][A

154it [06:38,  2.60s/it][A

155it [06:41,  2.60s/it][A

156it [06:43,  2.60s/it][A

157it [06:46,  2.59s/it][A

158it [06:49,  2.60s/it][A

159it [06:51,  2.60s/it][A

160it [06:54,  2.60s/it][A

161it [06:56,  2.60s/it][A

162it [06:59,  2.60s/it][A

163it [07:02,  2.60s/it][A

164it [07:04,  2.60s/it][A

165it [07:07,  2.60s/it][A

166it [07:09,  2.60s/it][A

167it [07:12,  2.60s/it][A

168it [07:15,  2.60s/it][A

169it [07:17,  2.60s/it][A

170it [07:20,  2.60s/it][A

171it [07:22,  2.60s/it][A

172it [07:25,  2.60s/it][A

173it [07:28,  2.60s/it][A

174it [07:30,  2.59s/it][A

175it [07:33,  2.60s/it][A

176it [07:35,  2.59s/it][A

177it [07:38,  2.59s/it][A

178it [07:40,  2.59s/it][A

179it [07:43,  2.59s/it][A

180it [07:46,  2.59s/it][A

181it [07:48,  2.60s/it][A

182it [07:51,  2.60s/it][A

183it [07:53,  2.59s/it][A

184it [07:56,  2.59s/it][A

185it [07:59,  2.60s/it][A

186it [08:01,  2.60s/it][A

187it [08:04,  2.60s/it][A

188it [08:06,  2.60s/it][A

189it [08:09,  2.60s/it][A

190it [08:12,  2.59s/it][A

191it [08:14,  2.59s/it][A

192it [08:17,  2.59s/it][A

193it [08:19,  2.60s/it][A

194it [08:22,  2.60s/it][A

195it [08:25,  2.59s/it][A

196it [08:27,  2.59s/it][A

197it [08:30,  2.59s/it][A

198it [08:32,  2.60s/it][A

199it [08:35,  2.60s/it][A

200it [08:38,  2.60s/it][A

201it [08:40,  2.60s/it][A

202it [08:43,  2.60s/it][A

203it [08:45,  2.60s/it][A

204it [08:48,  2.60s/it][A

205it [08:51,  2.60s/it][A

206it [08:53,  2.59s/it][A

207it [08:56,  2.59s/it][A

208it [08:58,  2.59s/it][A

209it [09:01,  2.59s/it][A

210it [09:04,  2.59s/it][A

211it [09:06,  2.59s/it][A

212it [09:09,  2.59s/it][A

213it [09:11,  2.59s/it][A

214it [09:14,  2.59s/it][A

215it [09:16,  2.59s/it][A

216it [09:19,  2.60s/it][A

217it [09:22,  2.59s/it][A

218it [09:24,  2.60s/it][A

219it [09:27,  2.59s/it][A

220it [09:29,  2.59s/it][A

221it [09:32,  2.59s/it][A

222it [09:35,  2.60s/it][A

223it [09:37,  2.59s/it][A

224it [09:40,  2.59s/it][A

225it [09:42,  2.59s/it][A

226it [09:45,  2.59s/it][A

227it [09:48,  2.59s/it][A

228it [09:50,  2.59s/it][A

229it [09:53,  2.59s/it][A

230it [09:55,  2.59s/it][A

231it [09:58,  2.59s/it][A

232it [10:01,  2.59s/it][A

233it [10:03,  2.60s/it][A

234it [10:06,  2.60s/it][A

235it [10:08,  2.60s/it][A

236it [10:11,  2.60s/it][A

237it [10:14,  2.59s/it][A

238it [10:16,  2.59s/it][A

239it [10:19,  2.60s/it][A

240it [10:21,  2.60s/it][A

241it [10:24,  2.60s/it][A

242it [10:27,  2.59s/it][A

243it [10:29,  2.59s/it][A

244it [10:32,  2.59s/it][A

245it [10:34,  2.59s/it][A

246it [10:37,  2.59s/it][A

247it [10:40,  2.59s/it][A

248it [10:42,  2.59s/it][A

249it [10:45,  2.59s/it][A

250it [10:47,  2.59s/it][A

251it [10:50,  2.60s/it][A
251it [10:50,  2.59s/it]

101it [56:03, 196.28s/it]sampling complete

102it [56:04, 137.49s/it]________________________
Min and Max weights are the same for loss function
________________________

103it [56:04, 96.33s/it] ________________________
Min and Max weights are the same for loss function
________________________

104it [56:04, 67.51s/it]________________________
Min and Max weights are the same for loss function
________________________

105it [56:04, 47.34s/it]________________________
Min and Max weights are the same for loss function
________________________

106it [56:05, 33.23s/it]________________________
Min and Max weights are the same for loss function
________________________

107it [56:05, 23.34s/it]________________________
Min and Max weights are the same for loss function
________________________

108it [56:05, 16.43s/it]________________________
Min and Max weights are the same for loss function
________________________

109it [56:06, 11.59s/it]________________________
Min and Max weights are the same for loss function
________________________

110it [56:06,  8.19s/it]________________________
Min and Max weights are the same for loss function
________________________

111it [56:06,  5.82s/it]________________________
Min and Max weights are the same for loss function
________________________

112it [56:06,  4.16s/it]________________________
Min and Max weights are the same for loss function
________________________

113it [56:07,  3.00s/it]________________________
Min and Max weights are the same for loss function
________________________

114it [56:07,  2.18s/it]________________________
Min and Max weights are the same for loss function
________________________

115it [56:07,  1.61s/it]________________________
Min and Max weights are the same for loss function
________________________

116it [56:08,  1.22s/it]________________________
Min and Max weights are the same for loss function
________________________

117it [56:08,  1.07it/s]________________________
Min and Max weights are the same for loss function
________________________

118it [56:08,  1.35it/s]________________________
Min and Max weights are the same for loss function
________________________

119it [56:08,  1.65it/s]________________________
Min and Max weights are the same for loss function
________________________

120it [56:09,  1.96it/s]________________________
Min and Max weights are the same for loss function
________________________

121it [56:09,  2.26it/s]________________________
Min and Max weights are the same for loss function
________________________

122it [56:09,  2.53it/s]________________________
Min and Max weights are the same for loss function
________________________

123it [56:10,  2.76it/s]________________________
Min and Max weights are the same for loss function
________________________

124it [56:10,  2.95it/s]________________________
Min and Max weights are the same for loss function
________________________

125it [56:10,  3.10it/s]________________________
Min and Max weights are the same for loss function
________________________
________________________
Min and Max weights are the same for loss function
________________________
saving model 0...
saving model 0.9999...
sampling 2500 images


0it [00:00, ?it/s][A

1it [00:02,  2.66s/it][A

2it [00:05,  2.67s/it][A

3it [00:07,  2.64s/it][A

4it [00:10,  2.65s/it][A

5it [00:13,  2.64s/it][A

6it [00:15,  2.62s/it][A

7it [00:18,  2.61s/it][A

8it [00:20,  2.60s/it][A

9it [00:23,  2.60s/it][A

10it [00:26,  2.59s/it][A

11it [00:28,  2.59s/it][A

12it [00:31,  2.59s/it][A

13it [00:33,  2.59s/it][A

14it [00:36,  2.59s/it][A

15it [00:39,  2.59s/it][A

16it [00:41,  2.59s/it][A

17it [00:44,  2.59s/it][A

18it [00:46,  2.59s/it][A

19it [00:49,  2.59s/it][A

20it [00:52,  2.59s/it][A

21it [00:54,  2.59s/it][A

22it [00:57,  2.59s/it][A

23it [00:59,  2.59s/it][A

24it [01:02,  2.59s/it][A

25it [01:04,  2.59s/it][A

26it [01:07,  2.59s/it][A

27it [01:10,  2.59s/it][A

28it [01:12,  2.59s/it][A

29it [01:15,  2.59s/it][A

30it [01:17,  2.59s/it][A

31it [01:20,  2.59s/it][A

32it [01:23,  2.59s/it][A

33it [01:25,  2.59s/it][A

34it [01:28,  2.59s/it][A

35it [01:30,  2.59s/it][A

36it [01:33,  2.59s/it][A

37it [01:36,  2.59s/it][A

38it [01:38,  2.59s/it][A

39it [01:41,  2.59s/it][A

40it [01:43,  2.59s/it][A

41it [01:46,  2.59s/it][A

42it [01:48,  2.59s/it][A

43it [01:51,  2.59s/it][A

44it [01:54,  2.59s/it][A

45it [01:56,  2.59s/it][A

46it [01:59,  2.59s/it][A

47it [02:01,  2.59s/it][A

48it [02:04,  2.59s/it][A

49it [02:07,  2.59s/it][A

50it [02:09,  2.59s/it][A

51it [02:12,  2.59s/it][A

52it [02:14,  2.59s/it][A

53it [02:17,  2.59s/it][A

54it [02:20,  2.59s/it][A

55it [02:22,  2.59s/it][A

56it [02:25,  2.59s/it][A

57it [02:27,  2.59s/it][A

58it [02:30,  2.59s/it][A

59it [02:32,  2.59s/it][A

60it [02:35,  2.59s/it][A

61it [02:38,  2.59s/it][A

62it [02:40,  2.59s/it][A

63it [02:43,  2.59s/it][A

64it [02:45,  2.59s/it][A

65it [02:48,  2.59s/it][A

66it [02:51,  2.59s/it][A

67it [02:53,  2.59s/it][A

68it [02:56,  2.59s/it][A

69it [02:58,  2.59s/it][A

70it [03:01,  2.59s/it][A

71it [03:04,  2.59s/it][A

72it [03:06,  2.59s/it][A

73it [03:09,  2.59s/it][A

74it [03:11,  2.59s/it][A

75it [03:14,  2.59s/it][A

76it [03:16,  2.59s/it][A

77it [03:19,  2.59s/it][A

78it [03:22,  2.59s/it][A

79it [03:24,  2.59s/it][A

80it [03:27,  2.59s/it][A

81it [03:29,  2.59s/it][A

82it [03:32,  2.59s/it][A

83it [03:35,  2.59s/it][A

84it [03:37,  2.59s/it][A

85it [03:40,  2.59s/it][A

86it [03:42,  2.59s/it][A

87it [03:45,  2.59s/it][A

88it [03:48,  2.59s/it][A

89it [03:50,  2.59s/it][A

90it [03:53,  2.59s/it][A

91it [03:55,  2.59s/it][A

92it [03:58,  2.59s/it][A

93it [04:00,  2.59s/it][A

94it [04:03,  2.59s/it][A

95it [04:06,  2.59s/it][A

96it [04:08,  2.59s/it][A

97it [04:11,  2.59s/it][A

98it [04:13,  2.59s/it][A

99it [04:16,  2.59s/it][A

100it [04:19,  2.59s/it][A

101it [04:21,  2.59s/it][A

102it [04:24,  2.59s/it][A

103it [04:26,  2.59s/it][A

104it [04:29,  2.59s/it][A

105it [04:32,  2.59s/it][A

106it [04:34,  2.59s/it][A

107it [04:37,  2.59s/it][A

108it [04:39,  2.59s/it][A

109it [04:42,  2.59s/it][A

110it [04:45,  2.59s/it][A

111it [04:47,  2.59s/it][A

112it [04:50,  2.59s/it][A

113it [04:52,  2.59s/it][A

114it [04:55,  2.60s/it][A

115it [04:58,  2.60s/it][A

116it [05:00,  2.60s/it][A

117it [05:03,  2.60s/it][A

118it [05:05,  2.60s/it][A

119it [05:08,  2.60s/it][A

120it [05:11,  2.60s/it][A

121it [05:13,  2.60s/it][A

122it [05:16,  2.60s/it][A

123it [05:18,  2.60s/it][A

124it [05:21,  2.60s/it][A

125it [05:24,  2.60s/it][A

126it [05:26,  2.60s/it][A

127it [05:29,  2.60s/it][A

128it [05:31,  2.60s/it][A

129it [05:34,  2.60s/it][A

130it [05:37,  2.60s/it][A

131it [05:39,  2.60s/it][A

132it [05:42,  2.60s/it][A

133it [05:44,  2.60s/it][A

134it [05:47,  2.60s/it][A

135it [05:50,  2.60s/it][A

136it [05:52,  2.60s/it][A

137it [05:55,  2.60s/it][A

138it [05:57,  2.60s/it][A

139it [06:00,  2.60s/it][A

140it [06:03,  2.60s/it][A

141it [06:05,  2.60s/it][A

142it [06:08,  2.60s/it][A

143it [06:10,  2.64s/it][A

144it [06:13,  2.63s/it][A

145it [06:16,  2.62s/it][A

146it [06:18,  2.61s/it][A

147it [06:21,  2.61s/it][A

148it [06:23,  2.60s/it][A

149it [06:26,  2.60s/it][A

150it [06:29,  2.74s/it][A

151it [06:32,  2.70s/it][A

152it [06:34,  2.67s/it][A

153it [06:37,  2.65s/it][A

154it [06:39,  2.63s/it][A

155it [06:42,  2.62s/it][A

156it [06:45,  2.61s/it][A

157it [06:48,  2.96s/it][A

158it [06:51,  2.85s/it][A

159it [06:54,  2.78s/it][A

160it [06:56,  2.72s/it][A

161it [06:59,  2.68s/it][A

162it [07:02,  2.72s/it][A

163it [07:04,  2.68s/it][A

164it [07:07,  2.66s/it][A

165it [07:10,  2.73s/it][A

166it [07:12,  2.72s/it][A

167it [07:15,  2.68s/it][A

168it [07:18,  2.66s/it][A

169it [07:20,  2.64s/it][A

170it [07:23,  2.63s/it][A

171it [07:25,  2.62s/it][A

172it [07:28,  2.61s/it][A

173it [07:31,  2.61s/it][A

174it [07:33,  2.60s/it][A

175it [07:36,  2.60s/it][A

176it [07:38,  2.60s/it][A

177it [07:41,  2.60s/it][A

178it [07:44,  2.60s/it][A

179it [07:46,  2.60s/it][A

180it [07:49,  2.60s/it][A

181it [07:51,  2.60s/it][A

182it [07:54,  2.60s/it][A

183it [07:57,  2.60s/it][A

184it [07:59,  2.60s/it][A

185it [08:02,  2.60s/it][A

186it [08:04,  2.60s/it][A

187it [08:07,  2.60s/it][A

188it [08:10,  2.60s/it][A

189it [08:12,  2.60s/it][A

190it [08:15,  2.60s/it][A

191it [08:17,  2.60s/it][A

192it [08:20,  2.60s/it][A

193it [08:23,  2.60s/it][A

194it [08:25,  2.60s/it][A

195it [08:28,  2.60s/it][A

196it [08:30,  2.60s/it][A

197it [08:33,  2.60s/it][A

198it [08:36,  2.60s/it][A

199it [08:38,  2.60s/it][A

200it [08:41,  2.60s/it][A

201it [08:43,  2.60s/it][A

202it [08:46,  2.60s/it][A

203it [08:49,  2.60s/it][A

204it [08:51,  2.60s/it][A

205it [08:54,  2.60s/it][A

206it [08:56,  2.60s/it][A

207it [08:59,  2.60s/it][A

208it [09:02,  2.60s/it][A

209it [09:04,  2.60s/it][A

210it [09:07,  2.60s/it][A

211it [09:09,  2.60s/it][A

212it [09:12,  2.60s/it][A

213it [09:14,  2.60s/it][A

214it [09:17,  2.60s/it][A

215it [09:20,  2.60s/it][A

216it [09:22,  2.60s/it][A

217it [09:25,  2.60s/it][A

218it [09:27,  2.60s/it][A

219it [09:30,  2.60s/it][A

220it [09:33,  2.60s/it][A

221it [09:35,  2.60s/it][A

222it [09:38,  2.60s/it][A

223it [09:40,  2.60s/it][A

224it [09:43,  2.60s/it][A

225it [09:46,  2.60s/it][A

226it [09:48,  2.60s/it][A

227it [09:51,  2.60s/it][A

228it [09:53,  2.60s/it][A

229it [09:56,  2.59s/it][A

230it [09:59,  2.60s/it][A

231it [10:01,  2.60s/it][A

232it [10:04,  2.60s/it][A

233it [10:06,  2.59s/it][A

234it [10:09,  2.60s/it][A

235it [10:12,  2.60s/it][A

236it [10:14,  2.59s/it][A

237it [10:17,  2.59s/it][A

238it [10:19,  2.59s/it][A

239it [10:22,  2.59s/it][A

240it [10:25,  2.59s/it][A

241it [10:27,  2.59s/it][A

242it [10:30,  2.59s/it][A

243it [10:32,  2.59s/it][A

244it [10:35,  2.59s/it][A

245it [10:38,  2.60s/it][A

246it [10:40,  2.60s/it][A

247it [10:43,  2.60s/it][A

248it [10:45,  2.60s/it][A

249it [10:48,  2.60s/it][A

250it [10:51,  2.60s/it][A

251it [10:53,  2.60s/it][A
251it [10:53,  2.60s/it]

126it [1:07:07, 197.33s/it]sampling complete

127it [1:07:09, 138.64s/it]________________________
Min and Max weights are the same for loss function
________________________

128it [1:07:09, 97.13s/it] ________________________
Min and Max weights are the same for loss function
________________________

129it [1:07:09, 68.08s/it]________________________
Min and Max weights are the same for loss function
________________________

130it [1:07:10, 47.74s/it]________________________
Min and Max weights are the same for loss function
________________________

131it [1:07:10, 33.50s/it]________________________
Min and Max weights are the same for loss function
________________________

132it [1:07:10, 23.54s/it]________________________
Min and Max weights are the same for loss function
________________________

133it [1:07:11, 16.56s/it]________________________
Min and Max weights are the same for loss function
________________________

134it [1:07:11, 11.68s/it]________________________
Min and Max weights are the same for loss function
________________________

135it [1:07:11,  8.26s/it]________________________
Min and Max weights are the same for loss function
________________________

136it [1:07:11,  5.87s/it]________________________
Min and Max weights are the same for loss function
________________________

137it [1:07:12,  4.19s/it]________________________
Min and Max weights are the same for loss function
________________________

138it [1:07:12,  3.02s/it]________________________
Min and Max weights are the same for loss function
________________________

139it [1:07:12,  2.20s/it]________________________
Min and Max weights are the same for loss function
________________________

140it [1:07:13,  1.63s/it]________________________
Min and Max weights are the same for loss function
________________________

141it [1:07:13,  1.22s/it]________________________
Min and Max weights are the same for loss function
________________________

142it [1:07:13,  1.06it/s]________________________
Min and Max weights are the same for loss function
________________________

143it [1:07:13,  1.34it/s]________________________
Min and Max weights are the same for loss function
________________________

144it [1:07:14,  1.65it/s]________________________
Min and Max weights are the same for loss function
________________________

145it [1:07:14,  1.96it/s]________________________
Min and Max weights are the same for loss function
________________________

146it [1:07:14,  2.26it/s]________________________
Min and Max weights are the same for loss function
________________________

147it [1:07:15,  2.52it/s]________________________
Min and Max weights are the same for loss function
________________________

148it [1:07:15,  2.75it/s]________________________
Min and Max weights are the same for loss function
________________________

149it [1:07:15,  2.94it/s]________________________
Min and Max weights are the same for loss function
________________________

150it [1:07:15,  3.09it/s]________________________
Min and Max weights are the same for loss function
________________________
________________________
Min and Max weights are the same for loss function
________________________
saving model 0...
saving model 0.9999...
sampling 2500 images


0it [00:00, ?it/s][A

1it [00:02,  2.73s/it][A

2it [00:05,  2.66s/it][A

3it [00:07,  2.65s/it][A

4it [00:10,  2.69s/it][A

5it [00:13,  2.66s/it][A

6it [00:15,  2.63s/it][A

7it [00:18,  2.62s/it][A

8it [00:21,  2.61s/it][A

9it [00:23,  2.60s/it][A

10it [00:26,  2.59s/it][A

11it [00:28,  2.59s/it][A

12it [00:31,  2.59s/it][A

13it [00:34,  2.59s/it][A

14it [00:36,  2.59s/it][A

15it [00:39,  2.59s/it][A

16it [00:41,  2.59s/it][A

17it [00:44,  2.59s/it][A

18it [00:46,  2.58s/it][A

19it [00:49,  2.58s/it][A

20it [00:52,  2.58s/it][A

21it [00:54,  2.58s/it][A

22it [00:57,  2.58s/it][A

23it [00:59,  2.58s/it][A

24it [01:02,  2.59s/it][A

25it [01:05,  2.59s/it][A

26it [01:07,  2.59s/it][A

27it [01:10,  2.59s/it][A

28it [01:12,  2.59s/it][A

29it [01:15,  2.59s/it][A

30it [01:17,  2.59s/it][A

31it [01:20,  2.59s/it][A

32it [01:23,  2.59s/it][A

33it [01:25,  2.59s/it][A

34it [01:28,  2.59s/it][A

35it [01:30,  2.59s/it][A

36it [01:33,  2.59s/it][A

37it [01:36,  2.59s/it][A

38it [01:38,  2.59s/it][A

39it [01:41,  2.59s/it][A

40it [01:43,  2.59s/it][A

41it [01:46,  2.59s/it][A

42it [01:48,  2.59s/it][A

43it [01:51,  2.59s/it][A

44it [01:54,  2.59s/it][A

45it [01:56,  2.59s/it][A

46it [01:59,  2.59s/it][A

47it [02:01,  2.59s/it][A

48it [02:04,  2.59s/it][A

49it [02:07,  2.59s/it][A

50it [02:09,  2.59s/it][A

51it [02:12,  2.59s/it][A

52it [02:14,  2.59s/it][A

53it [02:17,  2.59s/it][A

54it [02:20,  2.59s/it][A

55it [02:22,  2.59s/it][A

56it [02:25,  2.59s/it][A

57it [02:27,  2.59s/it][A

58it [02:30,  2.59s/it][A

59it [02:32,  2.59s/it][A

60it [02:35,  2.59s/it][A

61it [02:38,  2.59s/it][A

62it [02:40,  2.59s/it][A

63it [02:43,  2.59s/it][A

64it [02:45,  2.59s/it][A

65it [02:48,  2.59s/it][A

66it [02:51,  2.59s/it][A

67it [02:53,  2.59s/it][A

68it [02:56,  2.59s/it][A

69it [02:58,  2.59s/it][A

70it [03:01,  2.59s/it][A

71it [03:03,  2.59s/it][A

72it [03:06,  2.59s/it][A

73it [03:09,  2.59s/it][A

74it [03:11,  2.59s/it][A

75it [03:14,  2.59s/it][A

76it [03:16,  2.59s/it][A

77it [03:19,  2.59s/it][A

78it [03:22,  2.59s/it][A

79it [03:24,  2.59s/it][A

80it [03:27,  2.59s/it][A

81it [03:29,  2.59s/it][A

82it [03:32,  2.59s/it][A

83it [03:35,  2.59s/it][A

84it [03:37,  2.59s/it][A

85it [03:40,  2.59s/it][A

86it [03:42,  2.59s/it][A

87it [03:45,  2.59s/it][A

88it [03:47,  2.59s/it][A

89it [03:50,  2.59s/it][A

90it [03:53,  2.59s/it][A

91it [03:55,  2.59s/it][A

92it [03:58,  2.59s/it][A

93it [04:00,  2.59s/it][A

94it [04:03,  2.59s/it][A

95it [04:06,  2.59s/it][A

96it [04:08,  2.59s/it][A

97it [04:11,  2.59s/it][A

98it [04:13,  2.59s/it][A

99it [04:16,  2.59s/it][A

100it [04:19,  2.59s/it][A

101it [04:21,  2.59s/it][A

102it [04:24,  2.59s/it][A

103it [04:26,  2.59s/it][A

104it [04:29,  2.59s/it][A

105it [04:31,  2.59s/it][A

106it [04:34,  2.59s/it][A

107it [04:37,  2.59s/it][A

108it [04:39,  2.59s/it][A

109it [04:42,  2.59s/it][A

110it [04:44,  2.59s/it][A

111it [04:47,  2.59s/it][A

112it [04:50,  2.59s/it][A

113it [04:52,  2.59s/it][A

114it [04:55,  2.60s/it][A

115it [04:57,  2.60s/it][A

116it [05:00,  2.60s/it][A

117it [05:03,  2.60s/it][A

118it [05:05,  2.60s/it][A

119it [05:08,  2.60s/it][A

120it [05:10,  2.60s/it][A

121it [05:13,  2.60s/it][A

122it [05:16,  2.60s/it][A

123it [05:18,  2.60s/it][A

124it [05:21,  2.60s/it][A

125it [05:23,  2.60s/it][A

126it [05:26,  2.60s/it][A

127it [05:29,  2.60s/it][A

128it [05:31,  2.60s/it][A

129it [05:34,  2.60s/it][A

130it [05:36,  2.60s/it][A

131it [05:39,  2.60s/it][A

132it [05:42,  2.60s/it][A

133it [05:44,  2.60s/it][A

134it [05:47,  2.60s/it][A

135it [05:49,  2.60s/it][A

136it [05:52,  2.60s/it][A

137it [05:55,  2.60s/it][A

138it [05:57,  2.60s/it][A

139it [06:00,  2.60s/it][A

140it [06:02,  2.60s/it][A

141it [06:05,  2.60s/it][A

142it [06:08,  2.60s/it][A

143it [06:10,  2.60s/it][A

144it [06:13,  2.60s/it][A

145it [06:15,  2.60s/it][A

146it [06:18,  2.60s/it][A

147it [06:21,  2.60s/it][A

148it [06:23,  2.60s/it][A

149it [06:26,  2.60s/it][A

150it [06:28,  2.60s/it][A

151it [06:31,  2.60s/it][A

152it [06:34,  2.60s/it][A

153it [06:36,  2.60s/it][A

154it [06:39,  2.60s/it][A

155it [06:41,  2.60s/it][A

156it [06:44,  2.60s/it][A

157it [06:46,  2.60s/it][A

158it [06:49,  2.60s/it][A

159it [06:52,  2.60s/it][A

160it [06:54,  2.60s/it][A

161it [06:57,  2.60s/it][A

162it [06:59,  2.60s/it][A

163it [07:02,  2.60s/it][A

164it [07:05,  2.60s/it][A

165it [07:07,  2.60s/it][A

166it [07:10,  2.60s/it][A

167it [07:12,  2.60s/it][A

168it [07:15,  2.60s/it][A

169it [07:18,  2.60s/it][A

170it [07:20,  2.60s/it][A

171it [07:23,  2.60s/it][A

172it [07:25,  2.60s/it][A

173it [07:28,  2.60s/it][A

174it [07:31,  2.60s/it][A

175it [07:33,  2.60s/it][A

176it [07:36,  2.60s/it][A

177it [07:38,  2.60s/it][A

178it [07:41,  2.60s/it][A

179it [07:44,  2.60s/it][A

180it [07:46,  2.60s/it][A

181it [07:49,  2.60s/it][A

182it [07:51,  2.60s/it][A

183it [07:54,  2.60s/it][A

184it [07:57,  2.60s/it][A

185it [07:59,  2.60s/it][A

186it [08:02,  2.60s/it][A

187it [08:04,  2.60s/it][A

188it [08:07,  2.60s/it][A

189it [08:10,  2.60s/it][A

190it [08:12,  2.60s/it][A

191it [08:15,  2.60s/it][A

192it [08:17,  2.60s/it][A

193it [08:20,  2.60s/it][A

194it [08:23,  2.60s/it][A

195it [08:25,  2.60s/it][A

196it [08:28,  2.60s/it][A

197it [08:30,  2.60s/it][A

198it [08:33,  2.60s/it][A

199it [08:36,  2.60s/it][A

200it [08:38,  2.60s/it][A

201it [08:41,  2.60s/it][A

202it [08:43,  2.60s/it][A

203it [08:46,  2.60s/it][A

204it [08:49,  2.60s/it][A

205it [08:51,  2.60s/it][A

206it [08:54,  2.60s/it][A

207it [08:56,  2.60s/it][A

208it [08:59,  2.60s/it][A

209it [09:02,  2.60s/it][A

210it [09:04,  2.59s/it][A

211it [09:07,  2.59s/it][A

212it [09:09,  2.59s/it][A

213it [09:12,  2.60s/it][A

214it [09:15,  2.59s/it][A

215it [09:17,  2.59s/it][A

216it [09:20,  2.60s/it][A

217it [09:22,  2.59s/it][A

218it [09:25,  2.60s/it][A

219it [09:28,  2.60s/it][A

220it [09:30,  2.60s/it][A

221it [09:33,  2.60s/it][A

222it [09:35,  2.60s/it][A

223it [09:38,  2.60s/it][A

224it [09:41,  2.60s/it][A

225it [09:43,  2.60s/it][A

226it [09:46,  2.60s/it][A

227it [09:48,  2.60s/it][A

228it [09:51,  2.60s/it][A

229it [09:53,  2.60s/it][A

230it [09:56,  2.60s/it][A

231it [09:59,  2.60s/it][A

232it [10:01,  2.60s/it][A

233it [10:04,  2.60s/it][A

234it [10:06,  2.60s/it][A

235it [10:09,  2.60s/it][A

236it [10:12,  2.60s/it][A

237it [10:14,  2.60s/it][A

238it [10:17,  2.60s/it][A

239it [10:19,  2.60s/it][A

240it [10:22,  2.59s/it][A

241it [10:25,  2.59s/it][A

242it [10:27,  2.60s/it][A

243it [10:30,  2.60s/it][A

244it [10:32,  2.60s/it][A

245it [10:35,  2.60s/it][A

246it [10:38,  2.60s/it][A

247it [10:40,  2.60s/it][A

248it [10:43,  2.60s/it][A

249it [10:45,  2.60s/it][A

250it [10:48,  2.60s/it][A

251it [10:51,  2.60s/it][A
251it [10:51,  2.59s/it]

150it [1:18:10, 31.27s/it]
sampling complete
********************
fixed guidance is 0
********************
loading model from checkpoint: /home/ymbahram/scratch/baselines_avg/SDFT/data500/p2_gamma0_repeat0/lambdas0.001_gammas0.1/checkpoints/model000400.pt...
loading optimizer state from checkpoint: /home/ymbahram/scratch/baselines_avg/SDFT/data500/p2_gamma0_repeat0/lambdas0.001_gammas0.1/checkpoints/opt000400.pt
loading EMA from checkpoint: /home/ymbahram/scratch/baselines_avg/SDFT/data500/p2_gamma0_repeat0/lambdas0.001_gammas0.1/checkpoints/ema_0.9999_000400.pt...

0it [00:00, ?it/s]
0it [00:32, ?it/s]
Traceback (most recent call last):
  File "/home/ymbahram/projects/def-hadi87/ymbahram/improved-diffusion/improved_diffusion/SDFT/scripts/avg_SDFT_gammas_datasets.py", line 237, in <module>
    ).run_loop()
  File "/lustre06/project/6086105/ymbahram/improved-diffusion/improved_diffusion/SDFT/improved_diffusion/train_util.py", line 195, in run_loop
    self.run_step(batch, cond) 
  File "/lustre06/project/6086105/ymbahram/improved-diffusion/improved_diffusion/SDFT/improved_diffusion/train_util.py", line 229, in run_step
    self.forward_backward(batch, cond)  
  File "/lustre06/project/6086105/ymbahram/improved-diffusion/improved_diffusion/SDFT/improved_diffusion/train_util.py", line 262, in forward_backward
    guidance = self.guidance_scale[self.step + self.resume_step]
IndexError: index 400 is out of bounds for axis 0 with size 301
