Looking in links: /cvmfs/soft.computecanada.ca/custom/python/wheelhouse/gentoo2023/x86-64-v3, /cvmfs/soft.computecanada.ca/custom/python/wheelhouse/gentoo2023/generic, /cvmfs/soft.computecanada.ca/custom/python/wheelhouse/generic
Obtaining file:///lustre06/project/6086105/ymbahram/improved-diffusion/improved_diffusion/SDFT
  Preparing metadata (setup.py): started
  Preparing metadata (setup.py): finished with status 'done'
Requirement already satisfied: blobfile>=1.0.5 in /lustre06/project/6086105/ymbahram/gputorch/lib/python3.11/site-packages (from improved-diffusion==0.0.0) (2.1.1+computecanada)
Requirement already satisfied: torch in /lustre06/project/6086105/ymbahram/gputorch/lib/python3.11/site-packages (from improved-diffusion==0.0.0) (2.5.1+computecanada)
Requirement already satisfied: tqdm in /lustre06/project/6086105/ymbahram/gputorch/lib/python3.11/site-packages (from improved-diffusion==0.0.0) (4.67.0+computecanada)
Requirement already satisfied: pycryptodomex~=3.8 in /lustre06/project/6086105/ymbahram/gputorch/lib/python3.11/site-packages (from blobfile>=1.0.5->improved-diffusion==0.0.0) (3.19.0+computecanada)
Requirement already satisfied: urllib3<3,>=1.25.3 in /lustre06/project/6086105/ymbahram/gputorch/lib/python3.11/site-packages (from blobfile>=1.0.5->improved-diffusion==0.0.0) (2.2.3+computecanada)
Requirement already satisfied: lxml~=4.9 in /lustre06/project/6086105/ymbahram/gputorch/lib/python3.11/site-packages (from blobfile>=1.0.5->improved-diffusion==0.0.0) (4.9.2+computecanada)
Requirement already satisfied: filelock~=3.0 in /lustre06/project/6086105/ymbahram/gputorch/lib/python3.11/site-packages (from blobfile>=1.0.5->improved-diffusion==0.0.0) (3.16.1+computecanada)
Requirement already satisfied: typing-extensions>=4.8.0 in /lustre06/project/6086105/ymbahram/gputorch/lib/python3.11/site-packages (from torch->improved-diffusion==0.0.0) (4.12.2+computecanada)
Requirement already satisfied: networkx in /lustre06/project/6086105/ymbahram/gputorch/lib/python3.11/site-packages (from torch->improved-diffusion==0.0.0) (3.4.2+computecanada)
Requirement already satisfied: jinja2 in /lustre06/project/6086105/ymbahram/gputorch/lib/python3.11/site-packages (from torch->improved-diffusion==0.0.0) (3.1.4+computecanada)
Requirement already satisfied: fsspec in /lustre06/project/6086105/ymbahram/gputorch/lib/python3.11/site-packages (from torch->improved-diffusion==0.0.0) (2024.10.0+computecanada)
Requirement already satisfied: sympy==1.13.1 in /lustre06/project/6086105/ymbahram/gputorch/lib/python3.11/site-packages (from torch->improved-diffusion==0.0.0) (1.13.1+computecanada)
Requirement already satisfied: mpmath<1.4,>=1.1.0 in /lustre06/project/6086105/ymbahram/gputorch/lib/python3.11/site-packages (from sympy==1.13.1->torch->improved-diffusion==0.0.0) (1.3.0+computecanada)
Requirement already satisfied: MarkupSafe>=2.0 in /lustre06/project/6086105/ymbahram/gputorch/lib/python3.11/site-packages (from jinja2->torch->improved-diffusion==0.0.0) (2.1.5+computecanada)
Installing collected packages: improved-diffusion
  Running setup.py develop for improved-diffusion
Successfully installed improved-diffusion-0.0.0
Traceback (most recent call last):
  File "/home/ymbahram/projects/def-hadi87/ymbahram/improved-diffusion/improved_diffusion/SDFT/scripts/avg_SDFT_gammas_lambdas.py", line 92, in <module>
    noise_vector = th.tensor(np.load(noise_vector))  # Load on CPU
                             ^^^^^^^^^^^^^^^^^^^^^
  File "/lustre06/project/6086105/ymbahram/gputorch/lib/python3.11/site-packages/numpy/lib/npyio.py", line 427, in load
    fid = stack.enter_context(open(os_fspath(file), "rb"))
                              ^^^^^^^^^^^^^^^^^^^^^^^^^^^
FileNotFoundError: [Errno 2] No such file or directory: '/home/ymbahram/projects/def-hadi87/ymbahram/improved_diffusion/util_files/pokemon_fixed_noise.npy'
